[debug] [2025-09-08T02:30:45.099Z] ----------------------------------------------------------------------
[debug] [2025-09-08T02:30:45.102Z] Command:       C:\Program Files\nodejs\node.exe C:\Users\YOU-G\AppData\Roaming\npm\node_modules\firebase-tools\lib\bin\firebase.js deploy
[debug] [2025-09-08T02:30:45.102Z] CLI Version:   14.15.2
[debug] [2025-09-08T02:30:45.102Z] Platform:      win32
[debug] [2025-09-08T02:30:45.103Z] Node Version:  v22.18.0
[debug] [2025-09-08T02:30:45.103Z] Time:          Mon Sep 08 2025 11:30:45 GMT+0900 (日本標準時)
[debug] [2025-09-08T02:30:45.103Z] ----------------------------------------------------------------------
[debug] 
[debug] [2025-09-08T02:30:45.289Z] > command requires scopes: ["email","openid","https://www.googleapis.com/auth/cloudplatformprojects.readonly","https://www.googleapis.com/auth/firebase","https://www.googleapis.com/auth/cloud-platform"]
[debug] [2025-09-08T02:30:45.290Z] > authorizing via signed-in user (youghairdress@gmail.com)
[debug] [2025-09-08T02:30:45.290Z] [iam] checking project yhddatebase for permissions ["cloudfunctions.functions.create","cloudfunctions.functions.delete","cloudfunctions.functions.get","cloudfunctions.functions.list","cloudfunctions.functions.update","cloudfunctions.operations.get","datastore.indexes.create","datastore.indexes.delete","datastore.indexes.list","datastore.indexes.update","firebase.projects.get","firebasehosting.sites.update","firebaserules.releases.create","firebaserules.releases.update","firebaserules.rulesets.create"]
[debug] [2025-09-08T02:30:45.291Z] Checked if tokens are valid: true, expires at: 1757301685452
[debug] [2025-09-08T02:30:45.291Z] Checked if tokens are valid: true, expires at: 1757301685452
[debug] [2025-09-08T02:30:45.292Z] >>> [apiv2][query] POST https://cloudresourcemanager.googleapis.com/v1/projects/yhddatebase:testIamPermissions [none]
[debug] [2025-09-08T02:30:45.292Z] >>> [apiv2][(partial)header] POST https://cloudresourcemanager.googleapis.com/v1/projects/yhddatebase:testIamPermissions x-goog-quota-user=projects/yhddatebase
[debug] [2025-09-08T02:30:45.292Z] >>> [apiv2][body] POST https://cloudresourcemanager.googleapis.com/v1/projects/yhddatebase:testIamPermissions {"permissions":["cloudfunctions.functions.create","cloudfunctions.functions.delete","cloudfunctions.functions.get","cloudfunctions.functions.list","cloudfunctions.functions.update","cloudfunctions.operations.get","datastore.indexes.create","datastore.indexes.delete","datastore.indexes.list","datastore.indexes.update","firebase.projects.get","firebasehosting.sites.update","firebaserules.releases.create","firebaserules.releases.update","firebaserules.rulesets.create"]}
[debug] [2025-09-08T02:30:46.246Z] <<< [apiv2][status] POST https://cloudresourcemanager.googleapis.com/v1/projects/yhddatebase:testIamPermissions 200
[debug] [2025-09-08T02:30:46.247Z] <<< [apiv2][body] POST https://cloudresourcemanager.googleapis.com/v1/projects/yhddatebase:testIamPermissions {"permissions":["cloudfunctions.functions.create","cloudfunctions.functions.delete","cloudfunctions.functions.get","cloudfunctions.functions.list","cloudfunctions.functions.update","cloudfunctions.operations.get","datastore.indexes.create","datastore.indexes.delete","datastore.indexes.list","datastore.indexes.update","firebase.projects.get","firebasehosting.sites.update","firebaserules.releases.create","firebaserules.releases.update","firebaserules.rulesets.create"]}
[debug] [2025-09-08T02:30:46.247Z] Checked if tokens are valid: true, expires at: 1757301685452
[debug] [2025-09-08T02:30:46.247Z] Checked if tokens are valid: true, expires at: 1757301685452
[debug] [2025-09-08T02:30:46.247Z] >>> [apiv2][query] POST https://iam.googleapis.com/v1/projects/yhddatebase/serviceAccounts/yhddatebase@appspot.gserviceaccount.com:testIamPermissions [none]
[debug] [2025-09-08T02:30:46.247Z] >>> [apiv2][body] POST https://iam.googleapis.com/v1/projects/yhddatebase/serviceAccounts/yhddatebase@appspot.gserviceaccount.com:testIamPermissions {"permissions":["iam.serviceAccounts.actAs"]}
[debug] [2025-09-08T02:30:47.438Z] <<< [apiv2][status] POST https://iam.googleapis.com/v1/projects/yhddatebase/serviceAccounts/yhddatebase@appspot.gserviceaccount.com:testIamPermissions 200
[debug] [2025-09-08T02:30:47.438Z] <<< [apiv2][body] POST https://iam.googleapis.com/v1/projects/yhddatebase/serviceAccounts/yhddatebase@appspot.gserviceaccount.com:testIamPermissions {"permissions":["iam.serviceAccounts.actAs"]}
[debug] [2025-09-08T02:30:47.438Z] Checked if tokens are valid: true, expires at: 1757301685452
[debug] [2025-09-08T02:30:47.438Z] Checked if tokens are valid: true, expires at: 1757301685452
[debug] [2025-09-08T02:30:47.439Z] >>> [apiv2][query] GET https://firebase.googleapis.com/v1beta1/projects/yhddatebase [none]
[debug] [2025-09-08T02:30:47.943Z] <<< [apiv2][status] GET https://firebase.googleapis.com/v1beta1/projects/yhddatebase 200
[debug] [2025-09-08T02:30:47.943Z] <<< [apiv2][body] GET https://firebase.googleapis.com/v1beta1/projects/yhddatebase {"projectId":"yhddatebase","projectNumber":"908640006259","displayName":"YHDdatebase","name":"projects/yhddatebase","resources":{"hostingSite":"yhddatebase"},"state":"ACTIVE","etag":"1_d0ce8708-e947-41e6-a699-547d56e6fa30"}
[info] 
[info] === Deploying to 'yhddatebase'...
[info] 
[info] i  deploying storage, firestore, functions, hosting 
[info] i  storage: ensuring required API firebasestorage.googleapis.com is enabled... 
[debug] [2025-09-08T02:30:47.947Z] Checked if tokens are valid: true, expires at: 1757301685452
[debug] [2025-09-08T02:30:47.947Z] Checked if tokens are valid: true, expires at: 1757301685452
[debug] [2025-09-08T02:30:47.947Z] >>> [apiv2][query] GET https://firebasestorage.googleapis.com/v1alpha/projects/yhddatebase/defaultBucket [none]
[debug] [2025-09-08T02:30:49.242Z] <<< [apiv2][status] GET https://firebasestorage.googleapis.com/v1alpha/projects/yhddatebase/defaultBucket 200
[debug] [2025-09-08T02:30:49.242Z] <<< [apiv2][body] GET https://firebasestorage.googleapis.com/v1alpha/projects/yhddatebase/defaultBucket {"name":"projects/yhddatebase/defaultBucket","location":"ASIA1","bucket":{"name":"projects/yhddatebase/buckets/yhddatebase.firebasestorage.app"},"storageClass":"MULTI_REGIONAL"}
[info] i  firebase.storage: checking storage.rules for compilation errors... 
[debug] [2025-09-08T02:30:49.244Z] Checked if tokens are valid: true, expires at: 1757301685452
[debug] [2025-09-08T02:30:49.244Z] Checked if tokens are valid: true, expires at: 1757301685452
[debug] [2025-09-08T02:30:49.244Z] >>> [apiv2][query] POST https://firebaserules.googleapis.com/v1/projects/yhddatebase:test [none]
[debug] [2025-09-08T02:30:49.244Z] >>> [apiv2][body] POST https://firebaserules.googleapis.com/v1/projects/yhddatebase:test [omitted]
[debug] [2025-09-08T02:30:50.527Z] <<< [apiv2][status] POST https://firebaserules.googleapis.com/v1/projects/yhddatebase:test 200
[debug] [2025-09-08T02:30:50.528Z] <<< [apiv2][body] POST https://firebaserules.googleapis.com/v1/projects/yhddatebase:test {}
[info] +  firebase.storage: rules file storage.rules compiled successfully 
[info] i  cloud.firestore: checking firestore.rules for compilation errors... 
[debug] [2025-09-08T02:30:50.529Z] Checked if tokens are valid: true, expires at: 1757301685452
[debug] [2025-09-08T02:30:50.529Z] Checked if tokens are valid: true, expires at: 1757301685452
[debug] [2025-09-08T02:30:50.529Z] >>> [apiv2][query] POST https://firebaserules.googleapis.com/v1/projects/yhddatebase:test [none]
[debug] [2025-09-08T02:30:50.529Z] >>> [apiv2][body] POST https://firebaserules.googleapis.com/v1/projects/yhddatebase:test [omitted]
[debug] [2025-09-08T02:30:50.919Z] <<< [apiv2][status] POST https://firebaserules.googleapis.com/v1/projects/yhddatebase:test 200
[debug] [2025-09-08T02:30:50.919Z] <<< [apiv2][body] POST https://firebaserules.googleapis.com/v1/projects/yhddatebase:test {}
[info] +  cloud.firestore: rules file firestore.rules compiled successfully 
[debug] [2025-09-08T02:30:50.920Z] Checked if tokens are valid: true, expires at: 1757301685452
[debug] [2025-09-08T02:30:50.920Z] Checked if tokens are valid: true, expires at: 1757301685452
[debug] [2025-09-08T02:30:50.920Z] >>> [apiv2][query] GET https://cloudresourcemanager.googleapis.com/v1/projects/yhddatebase [none]
[debug] [2025-09-08T02:30:51.122Z] <<< [apiv2][status] GET https://cloudresourcemanager.googleapis.com/v1/projects/yhddatebase 200
[debug] [2025-09-08T02:30:51.122Z] <<< [apiv2][body] GET https://cloudresourcemanager.googleapis.com/v1/projects/yhddatebase {"projectNumber":"908640006259","projectId":"yhddatebase","lifecycleState":"ACTIVE","name":"YHDdatebase","labels":{"firebase":"enabled","firebase-core":"disabled","generative-language":"enabled"},"createTime":"2025-08-27T07:51:08.340923Z"}
[info] i  functions: preparing codebase default for deployment 
[info] i  functions: ensuring required API cloudfunctions.googleapis.com is enabled... 
[info] i  functions: ensuring required API cloudbuild.googleapis.com is enabled... 
[info] i  artifactregistry: ensuring required API artifactregistry.googleapis.com is enabled... 
[debug] [2025-09-08T02:30:51.124Z] Checked if tokens are valid: true, expires at: 1757301685452
[debug] [2025-09-08T02:30:51.124Z] Checked if tokens are valid: true, expires at: 1757301685452
[debug] [2025-09-08T02:30:51.125Z] >>> [apiv2][query] GET https://firebase.googleapis.com/v1beta1/projects/yhddatebase/adminSdkConfig [none]
[debug] [2025-09-08T02:30:51.880Z] <<< [apiv2][status] GET https://firebase.googleapis.com/v1beta1/projects/yhddatebase/adminSdkConfig 200
[debug] [2025-09-08T02:30:51.881Z] <<< [apiv2][body] GET https://firebase.googleapis.com/v1beta1/projects/yhddatebase/adminSdkConfig {"projectId":"yhddatebase","storageBucket":"yhddatebase.firebasestorage.app"}
[debug] [2025-09-08T02:30:51.881Z] Checked if tokens are valid: true, expires at: 1757301685452
[debug] [2025-09-08T02:30:51.881Z] Checked if tokens are valid: true, expires at: 1757301685452
[debug] [2025-09-08T02:30:51.881Z] >>> [apiv2][query] GET https://runtimeconfig.googleapis.com/v1beta1/projects/yhddatebase/configs [none]
[debug] [2025-09-08T02:30:52.404Z] <<< [apiv2][status] GET https://runtimeconfig.googleapis.com/v1beta1/projects/yhddatebase/configs 200
[debug] [2025-09-08T02:30:52.404Z] <<< [apiv2][body] GET https://runtimeconfig.googleapis.com/v1beta1/projects/yhddatebase/configs {"configs":[{"name":"projects/yhddatebase/configs/liff"}]}
[debug] [2025-09-08T02:30:52.405Z] Checked if tokens are valid: true, expires at: 1757301685452
[debug] [2025-09-08T02:30:52.405Z] Checked if tokens are valid: true, expires at: 1757301685452
[debug] [2025-09-08T02:30:52.405Z] >>> [apiv2][query] GET https://runtimeconfig.googleapis.com/v1beta1/projects/yhddatebase/configs/liff/variables [none]
[debug] [2025-09-08T02:30:52.664Z] <<< [apiv2][status] GET https://runtimeconfig.googleapis.com/v1beta1/projects/yhddatebase/configs/liff/variables 200
[debug] [2025-09-08T02:30:52.664Z] <<< [apiv2][body] GET https://runtimeconfig.googleapis.com/v1beta1/projects/yhddatebase/configs/liff/variables {"variables":[{"name":"projects/yhddatebase/configs/liff/variables/user_id","updateTime":"2025-09-07T01:35:51.665187544Z"}]}
[debug] [2025-09-08T02:30:52.665Z] Checked if tokens are valid: true, expires at: 1757301685452
[debug] [2025-09-08T02:30:52.665Z] Checked if tokens are valid: true, expires at: 1757301685452
[debug] [2025-09-08T02:30:52.665Z] >>> [apiv2][query] GET https://runtimeconfig.googleapis.com/v1beta1/projects/yhddatebase/configs/liff/variables/user_id [none]
[debug] [2025-09-08T02:30:52.952Z] <<< [apiv2][status] GET https://runtimeconfig.googleapis.com/v1beta1/projects/yhddatebase/configs/liff/variables/user_id 200
[debug] [2025-09-08T02:30:52.953Z] <<< [apiv2][body] GET https://runtimeconfig.googleapis.com/v1beta1/projects/yhddatebase/configs/liff/variables/user_id {"name":"projects/yhddatebase/configs/liff/variables/user_id","updateTime":"2025-09-07T01:35:51.665187544Z","text":"2008029428-GNNaR1Nm"}
[debug] [2025-09-08T02:30:52.954Z] Validating nodejs source
[warn] !  functions: Runtime Node.js 18 was deprecated on 2025-04-30 and will be decommissioned on 2025-10-30, after which you will not be able to deploy without upgrading. Consider upgrading now to avoid disruption. See https://cloud.google.com/functions/docs/runtime-support for full details on the lifecycle policy 
[warn] !  functions: package.json indicates an outdated version of firebase-functions. Please upgrade using npm install --save firebase-functions@latest in your functions directory. 
[warn] !  functions: Please note that there will be breaking changes when you upgrade. 
[debug] [2025-09-08T02:30:53.809Z] > [functions] package.json contents: {
  "name": "functions",
  "description": "Cloud Functions for Firebase",
  "scripts": {
    "serve": "firebase emulators:start --only functions",
    "shell": "firebase functions:shell",
    "start": "npm run shell",
    "deploy": "firebase deploy --only functions",
    "logs": "firebase functions:log"
  },
  "engines": {
    "node": "18"
  },
  "main": "index.js",
  "dependencies": {
    "@line/bot-sdk": "^8.4.1",
    "cors": "^2.8.5",
    "firebase-admin": "^12.1.0",
    "firebase-functions": "^5.0.1"
  },
  "devDependencies": {
    "firebase-functions-test": "^3.1.0"
  },
  "private": true
}
[debug] [2025-09-08T02:30:53.809Z] Building nodejs source
[info] i  functions: Loading and analyzing source code for codebase default to determine what to deploy 
[debug] [2025-09-08T02:30:53.810Z] Could not find functions.yaml. Must use http discovery
[debug] [2025-09-08T02:30:53.817Z] Found firebase-functions binary at 'C:\Users\YOU-G\Desktop\YHDapp\functions\node_modules\.bin\firebase-functions'
[info] Serving at port 8408

[debug] [2025-09-08T02:30:54.315Z] Got response from /__/functions.yaml {"endpoints":{"api":{"platform":"gcfv1","availableMemoryMb":null,"timeoutSeconds":null,"minInstances":null,"maxInstances":null,"ingressSettings":null,"serviceAccountEmail":null,"vpc":null,"region":["asia-northeast1"],"httpsTrigger":{},"entryPoint":"api"}},"specVersion":"v1alpha1","requiredAPIs":[],"extensions":{}}
[info] i  extensions: ensuring required API firebaseextensions.googleapis.com is enabled... 
[debug] [2025-09-08T02:30:58.354Z] > command requires scopes: ["email","openid","https://www.googleapis.com/auth/cloudplatformprojects.readonly","https://www.googleapis.com/auth/firebase","https://www.googleapis.com/auth/cloud-platform"]
[debug] [2025-09-08T02:30:58.355Z] > authorizing via signed-in user (youghairdress@gmail.com)
[debug] [2025-09-08T02:30:58.355Z] [iam] checking project yhddatebase for permissions ["firebase.projects.get","firebaseextensions.instances.list"]
[debug] [2025-09-08T02:30:58.355Z] Checked if tokens are valid: true, expires at: 1757301685452
[debug] [2025-09-08T02:30:58.355Z] Checked if tokens are valid: true, expires at: 1757301685452
[debug] [2025-09-08T02:30:58.355Z] >>> [apiv2][query] POST https://cloudresourcemanager.googleapis.com/v1/projects/yhddatebase:testIamPermissions [none]
[debug] [2025-09-08T02:30:58.355Z] >>> [apiv2][(partial)header] POST https://cloudresourcemanager.googleapis.com/v1/projects/yhddatebase:testIamPermissions x-goog-quota-user=projects/yhddatebase
[debug] [2025-09-08T02:30:58.355Z] >>> [apiv2][body] POST https://cloudresourcemanager.googleapis.com/v1/projects/yhddatebase:testIamPermissions {"permissions":["firebase.projects.get","firebaseextensions.instances.list"]}
[debug] [2025-09-08T02:30:59.107Z] <<< [apiv2][status] POST https://cloudresourcemanager.googleapis.com/v1/projects/yhddatebase:testIamPermissions 200
[debug] [2025-09-08T02:30:59.107Z] <<< [apiv2][body] POST https://cloudresourcemanager.googleapis.com/v1/projects/yhddatebase:testIamPermissions {"permissions":["firebase.projects.get","firebaseextensions.instances.list"]}
[debug] [2025-09-08T02:30:59.107Z] Checked if tokens are valid: true, expires at: 1757301685452
[debug] [2025-09-08T02:30:59.107Z] Checked if tokens are valid: true, expires at: 1757301685452
[debug] [2025-09-08T02:30:59.107Z] >>> [apiv2][query] GET https://firebaseextensions.googleapis.com/v1beta/projects/yhddatebase/instances pageSize=100&pageToken=
[debug] [2025-09-08T02:31:00.601Z] <<< [apiv2][status] GET https://firebaseextensions.googleapis.com/v1beta/projects/yhddatebase/instances 200
[debug] [2025-09-08T02:31:00.602Z] <<< [apiv2][body] GET https://firebaseextensions.googleapis.com/v1beta/projects/yhddatebase/instances {}
[info] i  functions: Loaded environment variables from .env.yhddatebase. 
[info] i  functions: preparing functions directory for uploading... 
[info] i  functions: packaged C:\Users\YOU-G\Desktop\YHDapp\functions (77.64 KB) for uploading 
[debug] [2025-09-08T02:31:00.636Z] Checked if tokens are valid: true, expires at: 1757301685452
[debug] [2025-09-08T02:31:00.636Z] Checked if tokens are valid: true, expires at: 1757301685452
[debug] [2025-09-08T02:31:00.636Z] >>> [apiv2][query] GET https://cloudfunctions.googleapis.com/v1/projects/yhddatebase/locations/-/functions [none]
[debug] [2025-09-08T02:31:01.764Z] <<< [apiv2][status] GET https://cloudfunctions.googleapis.com/v1/projects/yhddatebase/locations/-/functions 200
[debug] [2025-09-08T02:31:01.764Z] <<< [apiv2][body] GET https://cloudfunctions.googleapis.com/v1/projects/yhddatebase/locations/-/functions {"functions":[{"name":"projects/yhddatebase/locations/asia-northeast1/functions/api","httpsTrigger":{"url":"https://asia-northeast1-yhddatebase.cloudfunctions.net/api","securityLevel":"SECURE_ALWAYS"},"status":"ACTIVE","entryPoint":"api","timeout":"60s","availableMemoryMb":256,"serviceAccountEmail":"yhddatebase@appspot.gserviceaccount.com","updateTime":"2025-09-07T02:15:14.189547761Z","versionId":"1","labels":{"deployment-tool":"cli-firebase","firebase-functions-hash":"ed3b4326b457d8f4dc7e076f699efe44c94432bb"},"sourceUploadUrl":"https://storage.googleapis.com/uploads-152810497652.asia-northeast1.cloudfunctions.appspot.com/da66e228-e3eb-4152-aa93-f55a5d8b2ce3.zip","environmentVariables":{"LIFF_USER_ID":"2008029428-GNNaR1Nm","LIFF_ADMIN_ID":"2008029428-ANbgw3b6","FIREBASE_CONFIG":"{\"projectId\":\"yhddatebase\",\"storageBucket\":\"yhddatebase.firebasestorage.app\"}","GCLOUD_PROJECT":"yhddatebase","EVENTARC_CLOUD_EVENT_SOURCE":"projects/yhddatebase/locations/asia-northeast1/functions/api"},"runtime":"nodejs18","ingressSettings":"ALLOW_ALL","buildId":"72689cfa-8fba-44b8-b0e9-d7582f66ca87","buildEnvironmentVariables":{"GOOGLE_NODE_RUN_SCRIPTS":""},"buildName":"projects/908640006259/locations/asia-northeast1/builds/72689cfa-8fba-44b8-b0e9-d7582f66ca87","dockerRegistry":"ARTIFACT_REGISTRY","automaticUpdatePolicy":{},"buildServiceAccount":"projects/yhddatebase/serviceAccounts/908640006259-compute@developer.gserviceaccount.com","satisfiesPzi":true}]}
[debug] [2025-09-08T02:31:01.765Z] Checked if tokens are valid: true, expires at: 1757301685452
[debug] [2025-09-08T02:31:01.765Z] Checked if tokens are valid: true, expires at: 1757301685452
[debug] [2025-09-08T02:31:01.765Z] >>> [apiv2][query] GET https://cloudfunctions.googleapis.com/v2/projects/yhddatebase/locations/-/functions filter=environment%3D%22GEN_2%22
[debug] [2025-09-08T02:31:03.163Z] <<< [apiv2][status] GET https://cloudfunctions.googleapis.com/v2/projects/yhddatebase/locations/-/functions 200
[debug] [2025-09-08T02:31:03.163Z] <<< [apiv2][body] GET https://cloudfunctions.googleapis.com/v2/projects/yhddatebase/locations/-/functions {}
[debug] [2025-09-08T02:31:03.166Z] Checked if tokens are valid: true, expires at: 1757301685452
[debug] [2025-09-08T02:31:03.166Z] Checked if tokens are valid: true, expires at: 1757301685452
[debug] [2025-09-08T02:31:03.166Z] >>> [apiv2][query] GET https://cloudresourcemanager.googleapis.com/v1/projects/yhddatebase [none]
[debug] [2025-09-08T02:31:03.356Z] <<< [apiv2][status] GET https://cloudresourcemanager.googleapis.com/v1/projects/yhddatebase 200
[debug] [2025-09-08T02:31:03.357Z] <<< [apiv2][body] GET https://cloudresourcemanager.googleapis.com/v1/projects/yhddatebase {"projectNumber":"908640006259","projectId":"yhddatebase","lifecycleState":"ACTIVE","name":"YHDdatebase","labels":{"firebase":"enabled","firebase-core":"disabled","generative-language":"enabled"},"createTime":"2025-08-27T07:51:08.340923Z"}
[debug] [2025-09-08T02:31:03.358Z] Checked if tokens are valid: true, expires at: 1757301685452
[debug] [2025-09-08T02:31:03.358Z] Checked if tokens are valid: true, expires at: 1757301685452
[debug] [2025-09-08T02:31:03.358Z] >>> [apiv2][query] POST https://firebasehosting.googleapis.com/v1beta1/projects/-/sites/yhddatebase/versions [none]
[debug] [2025-09-08T02:31:03.358Z] >>> [apiv2][body] POST https://firebasehosting.googleapis.com/v1beta1/projects/-/sites/yhddatebase/versions {"status":"CREATED","labels":{"deployment-tool":"cli-firebase"}}
[debug] [2025-09-08T02:31:05.277Z] <<< [apiv2][status] POST https://firebasehosting.googleapis.com/v1beta1/projects/-/sites/yhddatebase/versions 200
[debug] [2025-09-08T02:31:05.277Z] <<< [apiv2][body] POST https://firebasehosting.googleapis.com/v1beta1/projects/-/sites/yhddatebase/versions {"name":"projects/908640006259/sites/yhddatebase/versions/f57178796ce7e4e7","status":"CREATED","config":{},"labels":{"deployment-tool":"cli-firebase"}}
[debug] [2025-09-08T02:31:05.278Z] Checked if tokens are valid: true, expires at: 1757301685452
[debug] [2025-09-08T02:31:05.278Z] Checked if tokens are valid: true, expires at: 1757301685452
[debug] [2025-09-08T02:31:05.278Z] >>> [apiv2][query] GET https://firebaserules.googleapis.com/v1/projects/yhddatebase/releases pageSize=10&pageToken=
[debug] [2025-09-08T02:31:06.388Z] <<< [apiv2][status] GET https://firebaserules.googleapis.com/v1/projects/yhddatebase/releases 200
[debug] [2025-09-08T02:31:06.388Z] <<< [apiv2][body] GET https://firebaserules.googleapis.com/v1/projects/yhddatebase/releases {"releases":[{"name":"projects/yhddatebase/releases/cloud.firestore","rulesetName":"projects/yhddatebase/rulesets/1fc094f2-a552-4e58-99e9-db500efc71ed","createTime":"2025-08-27T07:57:43.299467Z","updateTime":"2025-09-08T01:12:17.604704Z"},{"name":"projects/yhddatebase/releases/firebase.storage/yhddatebase.firebasestorage.app","rulesetName":"projects/yhddatebase/rulesets/e7d76584-6aaf-49ef-a1c3-247a100a08f8","createTime":"2025-08-29T14:17:20.642164Z","updateTime":"2025-09-08T01:12:16.582475Z"}]}
[debug] [2025-09-08T02:31:06.397Z] Checked if tokens are valid: true, expires at: 1757301685452
[debug] [2025-09-08T02:31:06.397Z] Checked if tokens are valid: true, expires at: 1757301685452
[debug] [2025-09-08T02:31:06.398Z] >>> [apiv2][query] GET https://firebaserules.googleapis.com/v1/projects/yhddatebase/rulesets/e7d76584-6aaf-49ef-a1c3-247a100a08f8 [none]
[debug] [2025-09-08T02:31:06.651Z] <<< [apiv2][status] GET https://firebaserules.googleapis.com/v1/projects/yhddatebase/rulesets/e7d76584-6aaf-49ef-a1c3-247a100a08f8 200
[debug] [2025-09-08T02:31:06.652Z] <<< [apiv2][body] GET https://firebaserules.googleapis.com/v1/projects/yhddatebase/rulesets/e7d76584-6aaf-49ef-a1c3-247a100a08f8 [omitted]
[info] i  storage: latest version of storage.rules already up to date, skipping upload... 
[debug] [2025-09-08T02:31:06.653Z] Checked if tokens are valid: true, expires at: 1757301685452
[debug] [2025-09-08T02:31:06.653Z] Checked if tokens are valid: true, expires at: 1757301685452
[debug] [2025-09-08T02:31:06.653Z] >>> [apiv2][query] GET https://firestore.googleapis.com/v1/projects/yhddatebase/databases/(default) [none]
[debug] [2025-09-08T02:31:07.011Z] <<< [apiv2][status] GET https://firestore.googleapis.com/v1/projects/yhddatebase/databases/(default) 200
[debug] [2025-09-08T02:31:07.011Z] <<< [apiv2][body] GET https://firestore.googleapis.com/v1/projects/yhddatebase/databases/(default) {"name":"projects/yhddatebase/databases/(default)","uid":"967d53bf-3efc-422f-939a-ab26905b0c7a","createTime":"2025-08-27T07:57:35.294197Z","updateTime":"2025-08-27T07:57:35.294197Z","locationId":"asia-northeast1","type":"FIRESTORE_NATIVE","concurrencyMode":"PESSIMISTIC","versionRetentionPeriod":"3600s","earliestVersionTime":"2025-09-08T01:31:08.755239Z","appEngineIntegrationMode":"DISABLED","keyPrefix":"b","pointInTimeRecoveryEnablement":"POINT_IN_TIME_RECOVERY_DISABLED","deleteProtectionState":"DELETE_PROTECTION_DISABLED","databaseEdition":"STANDARD","freeTier":true,"etag":"IMiuqdePyI8DMJHD3MLpuY8D"}
[debug] [2025-09-08T02:31:07.011Z] Checked if tokens are valid: true, expires at: 1757301685452
[debug] [2025-09-08T02:31:07.011Z] Checked if tokens are valid: true, expires at: 1757301685452
[debug] [2025-09-08T02:31:07.012Z] >>> [apiv2][query] GET https://firebaserules.googleapis.com/v1/projects/yhddatebase/releases pageSize=10&pageToken=
[debug] [2025-09-08T02:31:08.005Z] <<< [apiv2][status] GET https://firebaserules.googleapis.com/v1/projects/yhddatebase/releases 200
[debug] [2025-09-08T02:31:08.005Z] <<< [apiv2][body] GET https://firebaserules.googleapis.com/v1/projects/yhddatebase/releases {"releases":[{"name":"projects/yhddatebase/releases/cloud.firestore","rulesetName":"projects/yhddatebase/rulesets/1fc094f2-a552-4e58-99e9-db500efc71ed","createTime":"2025-08-27T07:57:43.299467Z","updateTime":"2025-09-08T01:12:17.604704Z"},{"name":"projects/yhddatebase/releases/firebase.storage/yhddatebase.firebasestorage.app","rulesetName":"projects/yhddatebase/rulesets/e7d76584-6aaf-49ef-a1c3-247a100a08f8","createTime":"2025-08-29T14:17:20.642164Z","updateTime":"2025-09-08T01:12:16.582475Z"}]}
[debug] [2025-09-08T02:31:08.005Z] Checked if tokens are valid: true, expires at: 1757301685452
[debug] [2025-09-08T02:31:08.005Z] Checked if tokens are valid: true, expires at: 1757301685452
[debug] [2025-09-08T02:31:08.005Z] >>> [apiv2][query] GET https://firebaserules.googleapis.com/v1/projects/yhddatebase/rulesets/1fc094f2-a552-4e58-99e9-db500efc71ed [none]
[debug] [2025-09-08T02:31:08.983Z] <<< [apiv2][status] GET https://firebaserules.googleapis.com/v1/projects/yhddatebase/rulesets/1fc094f2-a552-4e58-99e9-db500efc71ed 200
[debug] [2025-09-08T02:31:08.983Z] <<< [apiv2][body] GET https://firebaserules.googleapis.com/v1/projects/yhddatebase/rulesets/1fc094f2-a552-4e58-99e9-db500efc71ed [omitted]
[info] i  firestore: latest version of firestore.rules already up to date, skipping upload... 
[info] i  firestore: deploying indexes... 
[debug] [2025-09-08T02:31:08.984Z] Checked if tokens are valid: true, expires at: 1757301685452
[debug] [2025-09-08T02:31:08.984Z] Checked if tokens are valid: true, expires at: 1757301685452
[debug] [2025-09-08T02:31:08.984Z] >>> [apiv2][query] GET https://cloudbilling.googleapis.com/v1/projects/yhddatebase/billingInfo [none]
[debug] [2025-09-08T02:31:09.579Z] <<< [apiv2][status] GET https://cloudbilling.googleapis.com/v1/projects/yhddatebase/billingInfo 200
[debug] [2025-09-08T02:31:09.580Z] <<< [apiv2][body] GET https://cloudbilling.googleapis.com/v1/projects/yhddatebase/billingInfo {"name":"projects/yhddatebase/billingInfo","projectId":"yhddatebase","billingAccountName":"billingAccounts/01E475-3D1D5D-873116","billingEnabled":true}
[debug] [2025-09-08T02:31:09.581Z] Checked if tokens are valid: true, expires at: 1757301685452
[debug] [2025-09-08T02:31:09.581Z] Checked if tokens are valid: true, expires at: 1757301685452
[debug] [2025-09-08T02:31:09.581Z] >>> [apiv2][query] POST https://cloudfunctions.googleapis.com/v1/projects/yhddatebase/locations/asia-northeast1/functions:generateUploadUrl [none]
[debug] [2025-09-08T02:31:09.581Z] >>> [apiv2][body] POST https://cloudfunctions.googleapis.com/v1/projects/yhddatebase/locations/asia-northeast1/functions:generateUploadUrl {}
[debug] [2025-09-08T02:31:11.522Z] <<< [apiv2][status] POST https://cloudfunctions.googleapis.com/v1/projects/yhddatebase/locations/asia-northeast1/functions:generateUploadUrl 200
[debug] [2025-09-08T02:31:11.522Z] <<< [apiv2][body] POST https://cloudfunctions.googleapis.com/v1/projects/yhddatebase/locations/asia-northeast1/functions:generateUploadUrl {"uploadUrl":"https://storage.googleapis.com/uploads-152810497652.asia-northeast1.cloudfunctions.appspot.com/04f369ee-1159-43c8-ba67-3ccfe9df273b.zip?GoogleAccessId=service-908640006259@gcf-admin-robot.iam.gserviceaccount.com&Expires=1757300472&Signature=o5YOMZHSGQYjGlR9GgyzfFLF3pK44UnKCBnkUxqQPjPPwSp6N3FtlUmuUrcTk29eCxjm4RMVAYRIcXjCUroNxk7ZLacUsWMnLdQrJZsePWbbAao9%2BXBNGj8TLJsjoW%2FElVe7Xr3t3ENZbvEQxe4e3EP5ZkcOgROoxsgkOuwZFYY0c3Tl9YTu1w%2BsPK2fcgEsE0O20FDT36Qhsk7Pqjkw3YElJbCUGHTe1R3wA%2BEk6pznhLBxb%2BdnWzbonzVXZ5rzXlVVQYVNxPpSZNYoogdMheBYUEnar46%2Bljc5COzthxw6%2FYWqhmznkfzJ07tcDXg239iuVb39hd0UedTc7VKIDA%3D%3D"}
[debug] [2025-09-08T02:31:11.522Z] >>> [apiv2][query] PUT https://storage.googleapis.com/uploads-152810497652.asia-northeast1.cloudfunctions.appspot.com/04f369ee-1159-43c8-ba67-3ccfe9df273b.zip GoogleAccessId=service-908640006259%40gcf-admin-robot.iam.gserviceaccount.com&Expires=1757300472&Signature=o5YOMZHSGQYjGlR9GgyzfFLF3pK44UnKCBnkUxqQPjPPwSp6N3FtlUmuUrcTk29eCxjm4RMVAYRIcXjCUroNxk7ZLacUsWMnLdQrJZsePWbbAao9%2BXBNGj8TLJsjoW%2FElVe7Xr3t3ENZbvEQxe4e3EP5ZkcOgROoxsgkOuwZFYY0c3Tl9YTu1w%2BsPK2fcgEsE0O20FDT36Qhsk7Pqjkw3YElJbCUGHTe1R3wA%2BEk6pznhLBxb%2BdnWzbonzVXZ5rzXlVVQYVNxPpSZNYoogdMheBYUEnar46%2Bljc5COzthxw6%2FYWqhmznkfzJ07tcDXg239iuVb39hd0UedTc7VKIDA%3D%3D
[debug] [2025-09-08T02:31:11.522Z] >>> [apiv2][body] PUT https://storage.googleapis.com/uploads-152810497652.asia-northeast1.cloudfunctions.appspot.com/04f369ee-1159-43c8-ba67-3ccfe9df273b.zip [stream]
[debug] [2025-09-08T02:31:11.915Z] <<< [apiv2][status] PUT https://storage.googleapis.com/uploads-152810497652.asia-northeast1.cloudfunctions.appspot.com/04f369ee-1159-43c8-ba67-3ccfe9df273b.zip 200
[debug] [2025-09-08T02:31:11.915Z] <<< [apiv2][body] PUT https://storage.googleapis.com/uploads-152810497652.asia-northeast1.cloudfunctions.appspot.com/04f369ee-1159-43c8-ba67-3ccfe9df273b.zip [omitted]
[info] +  functions: functions folder uploaded successfully 
[info] i  hosting[yhddatebase]: beginning deploy... 
[info] i  hosting[yhddatebase]: found 12 files in public 
[debug] [2025-09-08T02:31:11.929Z] [hosting] uploading with 200 concurrency
[debug] [2025-09-08T02:31:11.934Z] Checked if tokens are valid: true, expires at: 1757301685452
[debug] [2025-09-08T02:31:11.935Z] Checked if tokens are valid: true, expires at: 1757301685452
[debug] [2025-09-08T02:31:11.935Z] [hosting] hash cache [cHVibGlj] stored for 12 files
[debug] [2025-09-08T02:31:11.935Z] [hosting][hash queue][FINAL] {"max":3,"min":1,"avg":1.25,"active":0,"complete":12,"success":12,"errored":0,"retried":0,"total":12,"elapsed":4}
[debug] [2025-09-08T02:31:11.935Z] >>> [apiv2][query] POST https://firebasehosting.googleapis.com/v1beta1/projects/908640006259/sites/yhddatebase/versions/f57178796ce7e4e7:populateFiles [none]
[debug] [2025-09-08T02:31:11.936Z] >>> [apiv2][body] POST https://firebasehosting.googleapis.com/v1beta1/projects/908640006259/sites/yhddatebase/versions/f57178796ce7e4e7:populateFiles {"files":{"/mypage.html":"96832932b76bb13df9cbd238e3ed180bd93f18580098cccd49b8db4bf81ca6da","/index.html":"67197d4ac9273328ad8f0488fc6f0a41f2db648a22612435460cf7ee30c21f42","/admin/settings.html":"100b327e8afe548a67453a1aa3a709f7a53faa59b0a8b7a024e58d4de0fabbd3","/admin/sales.html":"96596f094846d7db1e674242af4fe88076f472fc2b8e56d3c3e5780fe4b263da","/admin/pos.html":"c91208c9263ebc6997efcc44835887b632bf08e9d1a015f997d76b5bbc16022e","/admin/menu.html":"20da0b2f400e385999e46a3673d96a34849bbcfa44a6fb90dcfe921f7a5c2286","/admin/index.html":"8018cf31d895fddadaf332dc59da2064950b3ab1f0ae87e51ba149cefb8a2470","/admin/customers.html":"2bc423c4b5fe68892652d22e097f53f0f68ebb962218f2f4b0259e11b6938125","/admin/booking.html":"04b4b28870d0ad151f3e4db4f746dd6946784327258777919de3c63ccea921cb","/admin/counseling/index.html":"0798ca24deb6c1ec83664ccedbe7912f1cf597ae9f69a85bf5ef1f575f8c22f7","/js/auth.js":"1fd9ba2e5b61cd54cd9f28158f0f29104f84d4c6fc1aec09b4287be8473e212d","/js/api.js":"8166e5a2cae809fd3d04aebeca86214014237f598d91e527342e35e8a4e4b4da"}}
[debug] [2025-09-08T02:31:12.702Z] <<< [apiv2][status] POST https://firebasehosting.googleapis.com/v1beta1/projects/908640006259/sites/yhddatebase/versions/f57178796ce7e4e7:populateFiles 200
[debug] [2025-09-08T02:31:12.702Z] <<< [apiv2][body] POST https://firebasehosting.googleapis.com/v1beta1/projects/908640006259/sites/yhddatebase/versions/f57178796ce7e4e7:populateFiles {"uploadRequiredHashes":["1fd9ba2e5b61cd54cd9f28158f0f29104f84d4c6fc1aec09b4287be8473e212d","8166e5a2cae809fd3d04aebeca86214014237f598d91e527342e35e8a4e4b4da"],"uploadUrl":"https://upload-firebasehosting.googleapis.com/upload/sites/yhddatebase/versions/f57178796ce7e4e7/files"}
[debug] [2025-09-08T02:31:12.703Z] Checked if tokens are valid: true, expires at: 1757301685452
[debug] [2025-09-08T02:31:12.703Z] Checked if tokens are valid: true, expires at: 1757301685452
[debug] [2025-09-08T02:31:12.703Z] Checked if tokens are valid: true, expires at: 1757301685452
[debug] [2025-09-08T02:31:12.703Z] Checked if tokens are valid: true, expires at: 1757301685452
[debug] [2025-09-08T02:31:12.703Z] >>> [apiv2][query] POST https://upload-firebasehosting.googleapis.com/upload/sites/yhddatebase/versions/f57178796ce7e4e7/files/1fd9ba2e5b61cd54cd9f28158f0f29104f84d4c6fc1aec09b4287be8473e212d [none]
[debug] [2025-09-08T02:31:12.703Z] >>> [apiv2][body] POST https://upload-firebasehosting.googleapis.com/upload/sites/yhddatebase/versions/f57178796ce7e4e7/files/1fd9ba2e5b61cd54cd9f28158f0f29104f84d4c6fc1aec09b4287be8473e212d [stream]
[debug] [2025-09-08T02:31:12.704Z] >>> [apiv2][query] POST https://upload-firebasehosting.googleapis.com/upload/sites/yhddatebase/versions/f57178796ce7e4e7/files/8166e5a2cae809fd3d04aebeca86214014237f598d91e527342e35e8a4e4b4da [none]
[debug] [2025-09-08T02:31:12.704Z] >>> [apiv2][body] POST https://upload-firebasehosting.googleapis.com/upload/sites/yhddatebase/versions/f57178796ce7e4e7/files/8166e5a2cae809fd3d04aebeca86214014237f598d91e527342e35e8a4e4b4da [stream]
[debug] [2025-09-08T02:31:12.705Z] [hosting][populate queue][FINAL] {"max":769,"min":769,"avg":769,"active":0,"complete":1,"success":1,"errored":0,"retried":0,"total":1,"elapsed":771}
[debug] [2025-09-08T02:31:12.706Z] [hosting] uploads queued: 2
[debug] [2025-09-08T02:31:13.845Z] <<< [apiv2][status] POST https://upload-firebasehosting.googleapis.com/upload/sites/yhddatebase/versions/f57178796ce7e4e7/files/1fd9ba2e5b61cd54cd9f28158f0f29104f84d4c6fc1aec09b4287be8473e212d 200
[debug] [2025-09-08T02:31:13.845Z] <<< [apiv2][body] POST https://upload-firebasehosting.googleapis.com/upload/sites/yhddatebase/versions/f57178796ce7e4e7/files/1fd9ba2e5b61cd54cd9f28158f0f29104f84d4c6fc1aec09b4287be8473e212d [stream]
[debug] [2025-09-08T02:31:14.049Z] <<< [apiv2][status] POST https://upload-firebasehosting.googleapis.com/upload/sites/yhddatebase/versions/f57178796ce7e4e7/files/8166e5a2cae809fd3d04aebeca86214014237f598d91e527342e35e8a4e4b4da 200
[debug] [2025-09-08T02:31:14.049Z] <<< [apiv2][body] POST https://upload-firebasehosting.googleapis.com/upload/sites/yhddatebase/versions/f57178796ce7e4e7/files/8166e5a2cae809fd3d04aebeca86214014237f598d91e527342e35e8a4e4b4da [stream]
[debug] [2025-09-08T02:31:14.049Z] [hosting][upload queue][FINAL] {"max":1346,"min":1143,"avg":1244.5,"active":0,"complete":2,"success":2,"errored":0,"retried":0,"total":2,"elapsed":1347}
[info] +  hosting[yhddatebase]: file upload complete 
[debug] [2025-09-08T02:31:14.050Z] [hosting] deploy completed after 2132ms
[debug] [2025-09-08T02:31:14.050Z] [rules] releasing firebase.storage/yhddatebase.firebasestorage.app with ruleset projects/yhddatebase/rulesets/e7d76584-6aaf-49ef-a1c3-247a100a08f8
[debug] [2025-09-08T02:31:14.050Z] Checked if tokens are valid: true, expires at: 1757301685452
[debug] [2025-09-08T02:31:14.050Z] Checked if tokens are valid: true, expires at: 1757301685452
[debug] [2025-09-08T02:31:14.050Z] >>> [apiv2][query] PATCH https://firebaserules.googleapis.com/v1/projects/yhddatebase/releases/firebase.storage/yhddatebase.firebasestorage.app [none]
[debug] [2025-09-08T02:31:14.051Z] >>> [apiv2][body] PATCH https://firebaserules.googleapis.com/v1/projects/yhddatebase/releases/firebase.storage/yhddatebase.firebasestorage.app {"release":{"name":"projects/yhddatebase/releases/firebase.storage/yhddatebase.firebasestorage.app","rulesetName":"projects/yhddatebase/rulesets/e7d76584-6aaf-49ef-a1c3-247a100a08f8"}}
[debug] [2025-09-08T02:31:15.178Z] <<< [apiv2][status] PATCH https://firebaserules.googleapis.com/v1/projects/yhddatebase/releases/firebase.storage/yhddatebase.firebasestorage.app 200
[debug] [2025-09-08T02:31:15.178Z] <<< [apiv2][body] PATCH https://firebaserules.googleapis.com/v1/projects/yhddatebase/releases/firebase.storage/yhddatebase.firebasestorage.app {"name":"projects/yhddatebase/releases/firebase.storage/yhddatebase.firebasestorage.app","rulesetName":"projects/yhddatebase/rulesets/e7d76584-6aaf-49ef-a1c3-247a100a08f8","createTime":"2025-08-29T14:17:20.642164Z","updateTime":"2025-09-08T02:31:16.825895Z"}
[debug] [2025-09-08T02:31:15.178Z] [rules] updated release projects/yhddatebase/releases/firebase.storage/yhddatebase.firebasestorage.app
[info] +  storage: released rules storage.rules to firebase.storage 
[debug] [2025-09-08T02:31:15.179Z] [rules] releasing cloud.firestore/(default) with ruleset projects/yhddatebase/rulesets/1fc094f2-a552-4e58-99e9-db500efc71ed
[debug] [2025-09-08T02:31:15.179Z] Checked if tokens are valid: true, expires at: 1757301685452
[debug] [2025-09-08T02:31:15.179Z] Checked if tokens are valid: true, expires at: 1757301685452
[debug] [2025-09-08T02:31:15.179Z] >>> [apiv2][query] PATCH https://firebaserules.googleapis.com/v1/projects/yhddatebase/releases/cloud.firestore/(default) [none]
[debug] [2025-09-08T02:31:15.179Z] >>> [apiv2][body] PATCH https://firebaserules.googleapis.com/v1/projects/yhddatebase/releases/cloud.firestore/(default) {"release":{"name":"projects/yhddatebase/releases/cloud.firestore/(default)","rulesetName":"projects/yhddatebase/rulesets/1fc094f2-a552-4e58-99e9-db500efc71ed"}}
[debug] [2025-09-08T02:31:16.225Z] <<< [apiv2][status] PATCH https://firebaserules.googleapis.com/v1/projects/yhddatebase/releases/cloud.firestore/(default) 200
[debug] [2025-09-08T02:31:16.225Z] <<< [apiv2][body] PATCH https://firebaserules.googleapis.com/v1/projects/yhddatebase/releases/cloud.firestore/(default) {"name":"projects/yhddatebase/releases/cloud.firestore","rulesetName":"projects/yhddatebase/rulesets/1fc094f2-a552-4e58-99e9-db500efc71ed","createTime":"2025-08-27T07:57:43.299467Z","updateTime":"2025-09-08T02:31:17.869564Z"}
[debug] [2025-09-08T02:31:16.225Z] [rules] updated release projects/yhddatebase/releases/cloud.firestore
[info] +  firestore: released rules firestore.rules to cloud.firestore 
[info] i  functions: updating Node.js 18 (1st Gen) function api(asia-northeast1)... 
[debug] [2025-09-08T02:31:16.229Z] Checked if tokens are valid: true, expires at: 1757301685452
[debug] [2025-09-08T02:31:16.229Z] Checked if tokens are valid: true, expires at: 1757301685452
[debug] [2025-09-08T02:31:16.230Z] >>> [apiv2][query] PATCH https://cloudfunctions.googleapis.com/v1/projects/yhddatebase/locations/asia-northeast1/functions/api updateMask=name%2CsourceUploadUrl%2CentryPoint%2Cruntime%2CdockerRegistry%2Clabels%2ChttpsTrigger.securityLevel%2CminInstances%2CmaxInstances%2CingressSettings%2CenvironmentVariables%2CserviceAccountEmail%2CavailableMemoryMb%2Ctimeout%2CvpcConnector%2CvpcConnectorEgressSettings%2CsourceToken%2CbuildEnvironmentVariables
[debug] [2025-09-08T02:31:16.230Z] >>> [apiv2][body] PATCH https://cloudfunctions.googleapis.com/v1/projects/yhddatebase/locations/asia-northeast1/functions/api {"name":"projects/yhddatebase/locations/asia-northeast1/functions/api","sourceUploadUrl":"https://storage.googleapis.com/uploads-152810497652.asia-northeast1.cloudfunctions.appspot.com/04f369ee-1159-43c8-ba67-3ccfe9df273b.zip?GoogleAccessId=service-908640006259@gcf-admin-robot.iam.gserviceaccount.com&Expires=1757300472&Signature=o5YOMZHSGQYjGlR9GgyzfFLF3pK44UnKCBnkUxqQPjPPwSp6N3FtlUmuUrcTk29eCxjm4RMVAYRIcXjCUroNxk7ZLacUsWMnLdQrJZsePWbbAao9%2BXBNGj8TLJsjoW%2FElVe7Xr3t3ENZbvEQxe4e3EP5ZkcOgROoxsgkOuwZFYY0c3Tl9YTu1w%2BsPK2fcgEsE0O20FDT36Qhsk7Pqjkw3YElJbCUGHTe1R3wA%2BEk6pznhLBxb%2BdnWzbonzVXZ5rzXlVVQYVNxPpSZNYoogdMheBYUEnar46%2Bljc5COzthxw6%2FYWqhmznkfzJ07tcDXg239iuVb39hd0UedTc7VKIDA%3D%3D","entryPoint":"api","runtime":"nodejs18","dockerRegistry":"ARTIFACT_REGISTRY","labels":{"deployment-tool":"cli-firebase","firebase-functions-hash":"fd46960703198f2330e0d3d18bb0c956bfc7fae7"},"httpsTrigger":{"securityLevel":"SECURE_ALWAYS"},"minInstances":null,"maxInstances":null,"ingressSettings":null,"environmentVariables":{"LIFF_USER_ID":"2008029428-GNNaR1Nm","LIFF_ADMIN_ID":"2008029428-ANbgw3b6","FIREBASE_CONFIG":"{\"projectId\":\"yhddatebase\",\"storageBucket\":\"yhddatebase.firebasestorage.app\"}","GCLOUD_PROJECT":"yhddatebase","EVENTARC_CLOUD_EVENT_SOURCE":"projects/yhddatebase/locations/asia-northeast1/functions/api"},"serviceAccountEmail":null,"availableMemoryMb":null,"timeout":null,"vpcConnector":null,"vpcConnectorEgressSettings":null,"buildEnvironmentVariables":{"GOOGLE_NODE_RUN_SCRIPTS":""}}
[debug] [2025-09-08T02:31:17.671Z] <<< [apiv2][status] PATCH https://cloudfunctions.googleapis.com/v1/projects/yhddatebase/locations/asia-northeast1/functions/api 200
[debug] [2025-09-08T02:31:17.671Z] <<< [apiv2][body] PATCH https://cloudfunctions.googleapis.com/v1/projects/yhddatebase/locations/asia-northeast1/functions/api {"name":"operations/eWhkZGF0ZWJhc2UvYXNpYS1ub3J0aGVhc3QxL2FwaS90RlNqenJsdzJQOA","metadata":{"@type":"type.googleapis.com/google.cloud.functions.v1.OperationMetadataV1","target":"projects/yhddatebase/locations/asia-northeast1/functions/api","type":"UPDATE_FUNCTION","request":{"@type":"type.googleapis.com/google.cloud.functions.v1.CloudFunction","name":"projects/yhddatebase/locations/asia-northeast1/functions/api","httpsTrigger":{"url":"https://asia-northeast1-yhddatebase.cloudfunctions.net/api","securityLevel":"SECURE_ALWAYS"},"status":"ACTIVE","entryPoint":"api","updateTime":"2025-09-07T02:15:13.025Z","versionId":"1","labels":{"deployment-tool":"cli-firebase","firebase-functions-hash":"fd46960703198f2330e0d3d18bb0c956bfc7fae7"},"sourceUploadUrl":"https://storage.googleapis.com/uploads-152810497652.asia-northeast1.cloudfunctions.appspot.com/04f369ee-1159-43c8-ba67-3ccfe9df273b.zip?GoogleAccessId=service-908640006259@gcf-admin-robot.iam.gserviceaccount.com&Expires=1757300472&Signature=o5YOMZHSGQYjGlR9GgyzfFLF3pK44UnKCBnkUxqQPjPPwSp6N3FtlUmuUrcTk29eCxjm4RMVAYRIcXjCUroNxk7ZLacUsWMnLdQrJZsePWbbAao9%2BXBNGj8TLJsjoW%2FElVe7Xr3t3ENZbvEQxe4e3EP5ZkcOgROoxsgkOuwZFYY0c3Tl9YTu1w%2BsPK2fcgEsE0O20FDT36Qhsk7Pqjkw3YElJbCUGHTe1R3wA%2BEk6pznhLBxb%2BdnWzbonzVXZ5rzXlVVQYVNxPpSZNYoogdMheBYUEnar46%2Bljc5COzthxw6%2FYWqhmznkfzJ07tcDXg239iuVb39hd0UedTc7VKIDA%3D%3D","environmentVariables":{"LIFF_USER_ID":"2008029428-GNNaR1Nm","LIFF_ADMIN_ID":"2008029428-ANbgw3b6","FIREBASE_CONFIG":"{\"projectId\":\"yhddatebase\",\"storageBucket\":\"yhddatebase.firebasestorage.app\"}","GCLOUD_PROJECT":"yhddatebase","EVENTARC_CLOUD_EVENT_SOURCE":"projects/yhddatebase/locations/asia-northeast1/functions/api"},"runtime":"nodejs18","buildId":"72689cfa-8fba-44b8-b0e9-d7582f66ca87","buildEnvironmentVariables":{"GOOGLE_NODE_RUN_SCRIPTS":""},"buildName":"projects/908640006259/locations/asia-northeast1/builds/72689cfa-8fba-44b8-b0e9-d7582f66ca87","dockerRegistry":"ARTIFACT_REGISTRY","automaticUpdatePolicy":{},"buildServiceAccount":"projects/yhddatebase/serviceAccounts/908640006259-compute@developer.gserviceaccount.com"},"versionId":"2","updateTime":"2025-09-08T02:31:19Z"}}
[debug] [2025-09-08T02:31:17.671Z] Checked if tokens are valid: true, expires at: 1757301685452
[debug] [2025-09-08T02:31:17.671Z] Checked if tokens are valid: true, expires at: 1757301685452
[debug] [2025-09-08T02:31:17.672Z] >>> [apiv2][query] GET https://cloudfunctions.googleapis.com/v1/operations/eWhkZGF0ZWJhc2UvYXNpYS1ub3J0aGVhc3QxL2FwaS90RlNqenJsdzJQOA [none]
[debug] [2025-09-08T02:31:18.170Z] <<< [apiv2][status] GET https://cloudfunctions.googleapis.com/v1/operations/eWhkZGF0ZWJhc2UvYXNpYS1ub3J0aGVhc3QxL2FwaS90RlNqenJsdzJQOA 200
[debug] [2025-09-08T02:31:18.170Z] <<< [apiv2][body] GET https://cloudfunctions.googleapis.com/v1/operations/eWhkZGF0ZWJhc2UvYXNpYS1ub3J0aGVhc3QxL2FwaS90RlNqenJsdzJQOA {"name":"operations/eWhkZGF0ZWJhc2UvYXNpYS1ub3J0aGVhc3QxL2FwaS90RlNqenJsdzJQOA","metadata":{"@type":"type.googleapis.com/google.cloud.functions.v1.OperationMetadataV1","target":"projects/yhddatebase/locations/asia-northeast1/functions/api","type":"UPDATE_FUNCTION","request":{"@type":"type.googleapis.com/google.cloud.functions.v1.CloudFunction","name":"projects/yhddatebase/locations/asia-northeast1/functions/api","httpsTrigger":{"url":"https://asia-northeast1-yhddatebase.cloudfunctions.net/api","securityLevel":"SECURE_ALWAYS"},"status":"ACTIVE","entryPoint":"api","updateTime":"2025-09-07T02:15:13.025Z","versionId":"1","labels":{"deployment-tool":"cli-firebase","firebase-functions-hash":"fd46960703198f2330e0d3d18bb0c956bfc7fae7"},"sourceUploadUrl":"https://storage.googleapis.com/uploads-152810497652.asia-northeast1.cloudfunctions.appspot.com/04f369ee-1159-43c8-ba67-3ccfe9df273b.zip?GoogleAccessId=service-908640006259@gcf-admin-robot.iam.gserviceaccount.com&Expires=1757300472&Signature=o5YOMZHSGQYjGlR9GgyzfFLF3pK44UnKCBnkUxqQPjPPwSp6N3FtlUmuUrcTk29eCxjm4RMVAYRIcXjCUroNxk7ZLacUsWMnLdQrJZsePWbbAao9%2BXBNGj8TLJsjoW%2FElVe7Xr3t3ENZbvEQxe4e3EP5ZkcOgROoxsgkOuwZFYY0c3Tl9YTu1w%2BsPK2fcgEsE0O20FDT36Qhsk7Pqjkw3YElJbCUGHTe1R3wA%2BEk6pznhLBxb%2BdnWzbonzVXZ5rzXlVVQYVNxPpSZNYoogdMheBYUEnar46%2Bljc5COzthxw6%2FYWqhmznkfzJ07tcDXg239iuVb39hd0UedTc7VKIDA%3D%3D","environmentVariables":{"LIFF_USER_ID":"2008029428-GNNaR1Nm","LIFF_ADMIN_ID":"2008029428-ANbgw3b6","FIREBASE_CONFIG":"{\"projectId\":\"yhddatebase\",\"storageBucket\":\"yhddatebase.firebasestorage.app\"}","GCLOUD_PROJECT":"yhddatebase","EVENTARC_CLOUD_EVENT_SOURCE":"projects/yhddatebase/locations/asia-northeast1/functions/api"},"runtime":"nodejs18","buildId":"72689cfa-8fba-44b8-b0e9-d7582f66ca87","buildEnvironmentVariables":{"GOOGLE_NODE_RUN_SCRIPTS":""},"buildName":"projects/908640006259/locations/asia-northeast1/builds/72689cfa-8fba-44b8-b0e9-d7582f66ca87","dockerRegistry":"ARTIFACT_REGISTRY","automaticUpdatePolicy":{},"buildServiceAccount":"projects/yhddatebase/serviceAccounts/908640006259-compute@developer.gserviceaccount.com"},"versionId":"2","updateTime":"2025-09-08T02:31:19Z"}}
[debug] [2025-09-08T02:31:18.674Z] [update-default-asia-northeast1-api] Retrying task index 0
[debug] [2025-09-08T02:31:18.674Z] Checked if tokens are valid: true, expires at: 1757301685452
[debug] [2025-09-08T02:31:18.674Z] Checked if tokens are valid: true, expires at: 1757301685452
[debug] [2025-09-08T02:31:18.674Z] >>> [apiv2][query] GET https://cloudfunctions.googleapis.com/v1/operations/eWhkZGF0ZWJhc2UvYXNpYS1ub3J0aGVhc3QxL2FwaS90RlNqenJsdzJQOA [none]
[debug] [2025-09-08T02:31:19.156Z] <<< [apiv2][status] GET https://cloudfunctions.googleapis.com/v1/operations/eWhkZGF0ZWJhc2UvYXNpYS1ub3J0aGVhc3QxL2FwaS90RlNqenJsdzJQOA 200
[debug] [2025-09-08T02:31:19.156Z] <<< [apiv2][body] GET https://cloudfunctions.googleapis.com/v1/operations/eWhkZGF0ZWJhc2UvYXNpYS1ub3J0aGVhc3QxL2FwaS90RlNqenJsdzJQOA {"name":"operations/eWhkZGF0ZWJhc2UvYXNpYS1ub3J0aGVhc3QxL2FwaS90RlNqenJsdzJQOA","metadata":{"@type":"type.googleapis.com/google.cloud.functions.v1.OperationMetadataV1","target":"projects/yhddatebase/locations/asia-northeast1/functions/api","type":"UPDATE_FUNCTION","request":{"@type":"type.googleapis.com/google.cloud.functions.v1.CloudFunction","name":"projects/yhddatebase/locations/asia-northeast1/functions/api","httpsTrigger":{"url":"https://asia-northeast1-yhddatebase.cloudfunctions.net/api","securityLevel":"SECURE_ALWAYS"},"status":"ACTIVE","entryPoint":"api","updateTime":"2025-09-07T02:15:13.025Z","versionId":"1","labels":{"deployment-tool":"cli-firebase","firebase-functions-hash":"fd46960703198f2330e0d3d18bb0c956bfc7fae7"},"sourceUploadUrl":"https://storage.googleapis.com/uploads-152810497652.asia-northeast1.cloudfunctions.appspot.com/04f369ee-1159-43c8-ba67-3ccfe9df273b.zip?GoogleAccessId=service-908640006259@gcf-admin-robot.iam.gserviceaccount.com&Expires=1757300472&Signature=o5YOMZHSGQYjGlR9GgyzfFLF3pK44UnKCBnkUxqQPjPPwSp6N3FtlUmuUrcTk29eCxjm4RMVAYRIcXjCUroNxk7ZLacUsWMnLdQrJZsePWbbAao9%2BXBNGj8TLJsjoW%2FElVe7Xr3t3ENZbvEQxe4e3EP5ZkcOgROoxsgkOuwZFYY0c3Tl9YTu1w%2BsPK2fcgEsE0O20FDT36Qhsk7Pqjkw3YElJbCUGHTe1R3wA%2BEk6pznhLBxb%2BdnWzbonzVXZ5rzXlVVQYVNxPpSZNYoogdMheBYUEnar46%2Bljc5COzthxw6%2FYWqhmznkfzJ07tcDXg239iuVb39hd0UedTc7VKIDA%3D%3D","environmentVariables":{"LIFF_USER_ID":"2008029428-GNNaR1Nm","LIFF_ADMIN_ID":"2008029428-ANbgw3b6","FIREBASE_CONFIG":"{\"projectId\":\"yhddatebase\",\"storageBucket\":\"yhddatebase.firebasestorage.app\"}","GCLOUD_PROJECT":"yhddatebase","EVENTARC_CLOUD_EVENT_SOURCE":"projects/yhddatebase/locations/asia-northeast1/functions/api"},"runtime":"nodejs18","buildId":"72689cfa-8fba-44b8-b0e9-d7582f66ca87","buildEnvironmentVariables":{"GOOGLE_NODE_RUN_SCRIPTS":""},"buildName":"projects/908640006259/locations/asia-northeast1/builds/72689cfa-8fba-44b8-b0e9-d7582f66ca87","dockerRegistry":"ARTIFACT_REGISTRY","automaticUpdatePolicy":{},"buildServiceAccount":"projects/yhddatebase/serviceAccounts/908640006259-compute@developer.gserviceaccount.com"},"versionId":"2","updateTime":"2025-09-08T02:31:20Z"}}
[debug] [2025-09-08T02:31:20.166Z] [update-default-asia-northeast1-api] Retrying task index 0
[debug] [2025-09-08T02:31:20.166Z] Checked if tokens are valid: true, expires at: 1757301685452
[debug] [2025-09-08T02:31:20.166Z] Checked if tokens are valid: true, expires at: 1757301685452
[debug] [2025-09-08T02:31:20.167Z] >>> [apiv2][query] GET https://cloudfunctions.googleapis.com/v1/operations/eWhkZGF0ZWJhc2UvYXNpYS1ub3J0aGVhc3QxL2FwaS90RlNqenJsdzJQOA [none]
[debug] [2025-09-08T02:31:20.636Z] <<< [apiv2][status] GET https://cloudfunctions.googleapis.com/v1/operations/eWhkZGF0ZWJhc2UvYXNpYS1ub3J0aGVhc3QxL2FwaS90RlNqenJsdzJQOA 200
[debug] [2025-09-08T02:31:20.636Z] <<< [apiv2][body] GET https://cloudfunctions.googleapis.com/v1/operations/eWhkZGF0ZWJhc2UvYXNpYS1ub3J0aGVhc3QxL2FwaS90RlNqenJsdzJQOA {"name":"operations/eWhkZGF0ZWJhc2UvYXNpYS1ub3J0aGVhc3QxL2FwaS90RlNqenJsdzJQOA","metadata":{"@type":"type.googleapis.com/google.cloud.functions.v1.OperationMetadataV1","target":"projects/yhddatebase/locations/asia-northeast1/functions/api","type":"UPDATE_FUNCTION","request":{"@type":"type.googleapis.com/google.cloud.functions.v1.CloudFunction","name":"projects/yhddatebase/locations/asia-northeast1/functions/api","httpsTrigger":{"url":"https://asia-northeast1-yhddatebase.cloudfunctions.net/api","securityLevel":"SECURE_ALWAYS"},"status":"ACTIVE","entryPoint":"api","updateTime":"2025-09-07T02:15:13.025Z","versionId":"1","labels":{"deployment-tool":"cli-firebase","firebase-functions-hash":"fd46960703198f2330e0d3d18bb0c956bfc7fae7"},"sourceUploadUrl":"https://storage.googleapis.com/uploads-152810497652.asia-northeast1.cloudfunctions.appspot.com/04f369ee-1159-43c8-ba67-3ccfe9df273b.zip?GoogleAccessId=service-908640006259@gcf-admin-robot.iam.gserviceaccount.com&Expires=1757300472&Signature=o5YOMZHSGQYjGlR9GgyzfFLF3pK44UnKCBnkUxqQPjPPwSp6N3FtlUmuUrcTk29eCxjm4RMVAYRIcXjCUroNxk7ZLacUsWMnLdQrJZsePWbbAao9%2BXBNGj8TLJsjoW%2FElVe7Xr3t3ENZbvEQxe4e3EP5ZkcOgROoxsgkOuwZFYY0c3Tl9YTu1w%2BsPK2fcgEsE0O20FDT36Qhsk7Pqjkw3YElJbCUGHTe1R3wA%2BEk6pznhLBxb%2BdnWzbonzVXZ5rzXlVVQYVNxPpSZNYoogdMheBYUEnar46%2Bljc5COzthxw6%2FYWqhmznkfzJ07tcDXg239iuVb39hd0UedTc7VKIDA%3D%3D","environmentVariables":{"LIFF_USER_ID":"2008029428-GNNaR1Nm","LIFF_ADMIN_ID":"2008029428-ANbgw3b6","FIREBASE_CONFIG":"{\"projectId\":\"yhddatebase\",\"storageBucket\":\"yhddatebase.firebasestorage.app\"}","GCLOUD_PROJECT":"yhddatebase","EVENTARC_CLOUD_EVENT_SOURCE":"projects/yhddatebase/locations/asia-northeast1/functions/api"},"runtime":"nodejs18","buildId":"72689cfa-8fba-44b8-b0e9-d7582f66ca87","buildEnvironmentVariables":{"GOOGLE_NODE_RUN_SCRIPTS":""},"buildName":"projects/908640006259/locations/asia-northeast1/builds/72689cfa-8fba-44b8-b0e9-d7582f66ca87","dockerRegistry":"ARTIFACT_REGISTRY","automaticUpdatePolicy":{},"buildServiceAccount":"projects/yhddatebase/serviceAccounts/908640006259-compute@developer.gserviceaccount.com"},"versionId":"2","updateTime":"2025-09-08T02:31:20Z"}}
[debug] [2025-09-08T02:31:22.644Z] [update-default-asia-northeast1-api] Retrying task index 0
[debug] [2025-09-08T02:31:22.645Z] Checked if tokens are valid: true, expires at: 1757301685452
[debug] [2025-09-08T02:31:22.645Z] Checked if tokens are valid: true, expires at: 1757301685452
[debug] [2025-09-08T02:31:22.645Z] >>> [apiv2][query] GET https://cloudfunctions.googleapis.com/v1/operations/eWhkZGF0ZWJhc2UvYXNpYS1ub3J0aGVhc3QxL2FwaS90RlNqenJsdzJQOA [none]
[debug] [2025-09-08T02:31:23.110Z] <<< [apiv2][status] GET https://cloudfunctions.googleapis.com/v1/operations/eWhkZGF0ZWJhc2UvYXNpYS1ub3J0aGVhc3QxL2FwaS90RlNqenJsdzJQOA 200
[debug] [2025-09-08T02:31:23.110Z] <<< [apiv2][body] GET https://cloudfunctions.googleapis.com/v1/operations/eWhkZGF0ZWJhc2UvYXNpYS1ub3J0aGVhc3QxL2FwaS90RlNqenJsdzJQOA {"name":"operations/eWhkZGF0ZWJhc2UvYXNpYS1ub3J0aGVhc3QxL2FwaS90RlNqenJsdzJQOA","metadata":{"@type":"type.googleapis.com/google.cloud.functions.v1.OperationMetadataV1","target":"projects/yhddatebase/locations/asia-northeast1/functions/api","type":"UPDATE_FUNCTION","request":{"@type":"type.googleapis.com/google.cloud.functions.v1.CloudFunction","name":"projects/yhddatebase/locations/asia-northeast1/functions/api","httpsTrigger":{"url":"https://asia-northeast1-yhddatebase.cloudfunctions.net/api","securityLevel":"SECURE_ALWAYS"},"status":"ACTIVE","entryPoint":"api","updateTime":"2025-09-07T02:15:13.025Z","versionId":"1","labels":{"deployment-tool":"cli-firebase","firebase-functions-hash":"fd46960703198f2330e0d3d18bb0c956bfc7fae7"},"sourceUploadUrl":"https://storage.googleapis.com/uploads-152810497652.asia-northeast1.cloudfunctions.appspot.com/04f369ee-1159-43c8-ba67-3ccfe9df273b.zip?GoogleAccessId=service-908640006259@gcf-admin-robot.iam.gserviceaccount.com&Expires=1757300472&Signature=o5YOMZHSGQYjGlR9GgyzfFLF3pK44UnKCBnkUxqQPjPPwSp6N3FtlUmuUrcTk29eCxjm4RMVAYRIcXjCUroNxk7ZLacUsWMnLdQrJZsePWbbAao9%2BXBNGj8TLJsjoW%2FElVe7Xr3t3ENZbvEQxe4e3EP5ZkcOgROoxsgkOuwZFYY0c3Tl9YTu1w%2BsPK2fcgEsE0O20FDT36Qhsk7Pqjkw3YElJbCUGHTe1R3wA%2BEk6pznhLBxb%2BdnWzbonzVXZ5rzXlVVQYVNxPpSZNYoogdMheBYUEnar46%2Bljc5COzthxw6%2FYWqhmznkfzJ07tcDXg239iuVb39hd0UedTc7VKIDA%3D%3D","environmentVariables":{"LIFF_USER_ID":"2008029428-GNNaR1Nm","LIFF_ADMIN_ID":"2008029428-ANbgw3b6","FIREBASE_CONFIG":"{\"projectId\":\"yhddatebase\",\"storageBucket\":\"yhddatebase.firebasestorage.app\"}","GCLOUD_PROJECT":"yhddatebase","EVENTARC_CLOUD_EVENT_SOURCE":"projects/yhddatebase/locations/asia-northeast1/functions/api"},"runtime":"nodejs18","buildId":"72689cfa-8fba-44b8-b0e9-d7582f66ca87","buildEnvironmentVariables":{"GOOGLE_NODE_RUN_SCRIPTS":""},"buildName":"projects/908640006259/locations/asia-northeast1/builds/72689cfa-8fba-44b8-b0e9-d7582f66ca87","dockerRegistry":"ARTIFACT_REGISTRY","automaticUpdatePolicy":{},"buildServiceAccount":"projects/yhddatebase/serviceAccounts/908640006259-compute@developer.gserviceaccount.com"},"versionId":"2","updateTime":"2025-09-08T02:31:20Z","buildId":"79cb1f19-e965-4e6c-b975-2b47272866a7","buildName":"projects/908640006259/locations/asia-northeast1/builds/79cb1f19-e965-4e6c-b975-2b47272866a7"}}
[debug] [2025-09-08T02:31:27.115Z] [update-default-asia-northeast1-api] Retrying task index 0
[debug] [2025-09-08T02:31:27.116Z] Checked if tokens are valid: true, expires at: 1757301685452
[debug] [2025-09-08T02:31:27.116Z] Checked if tokens are valid: true, expires at: 1757301685452
[debug] [2025-09-08T02:31:27.116Z] >>> [apiv2][query] GET https://cloudfunctions.googleapis.com/v1/operations/eWhkZGF0ZWJhc2UvYXNpYS1ub3J0aGVhc3QxL2FwaS90RlNqenJsdzJQOA [none]
[debug] [2025-09-08T02:31:27.587Z] <<< [apiv2][status] GET https://cloudfunctions.googleapis.com/v1/operations/eWhkZGF0ZWJhc2UvYXNpYS1ub3J0aGVhc3QxL2FwaS90RlNqenJsdzJQOA 200
[debug] [2025-09-08T02:31:27.587Z] <<< [apiv2][body] GET https://cloudfunctions.googleapis.com/v1/operations/eWhkZGF0ZWJhc2UvYXNpYS1ub3J0aGVhc3QxL2FwaS90RlNqenJsdzJQOA {"name":"operations/eWhkZGF0ZWJhc2UvYXNpYS1ub3J0aGVhc3QxL2FwaS90RlNqenJsdzJQOA","metadata":{"@type":"type.googleapis.com/google.cloud.functions.v1.OperationMetadataV1","target":"projects/yhddatebase/locations/asia-northeast1/functions/api","type":"UPDATE_FUNCTION","request":{"@type":"type.googleapis.com/google.cloud.functions.v1.CloudFunction","name":"projects/yhddatebase/locations/asia-northeast1/functions/api","httpsTrigger":{"url":"https://asia-northeast1-yhddatebase.cloudfunctions.net/api","securityLevel":"SECURE_ALWAYS"},"status":"ACTIVE","entryPoint":"api","updateTime":"2025-09-07T02:15:13.025Z","versionId":"1","labels":{"deployment-tool":"cli-firebase","firebase-functions-hash":"fd46960703198f2330e0d3d18bb0c956bfc7fae7"},"sourceUploadUrl":"https://storage.googleapis.com/uploads-152810497652.asia-northeast1.cloudfunctions.appspot.com/04f369ee-1159-43c8-ba67-3ccfe9df273b.zip?GoogleAccessId=service-908640006259@gcf-admin-robot.iam.gserviceaccount.com&Expires=1757300472&Signature=o5YOMZHSGQYjGlR9GgyzfFLF3pK44UnKCBnkUxqQPjPPwSp6N3FtlUmuUrcTk29eCxjm4RMVAYRIcXjCUroNxk7ZLacUsWMnLdQrJZsePWbbAao9%2BXBNGj8TLJsjoW%2FElVe7Xr3t3ENZbvEQxe4e3EP5ZkcOgROoxsgkOuwZFYY0c3Tl9YTu1w%2BsPK2fcgEsE0O20FDT36Qhsk7Pqjkw3YElJbCUGHTe1R3wA%2BEk6pznhLBxb%2BdnWzbonzVXZ5rzXlVVQYVNxPpSZNYoogdMheBYUEnar46%2Bljc5COzthxw6%2FYWqhmznkfzJ07tcDXg239iuVb39hd0UedTc7VKIDA%3D%3D","environmentVariables":{"LIFF_USER_ID":"2008029428-GNNaR1Nm","LIFF_ADMIN_ID":"2008029428-ANbgw3b6","FIREBASE_CONFIG":"{\"projectId\":\"yhddatebase\",\"storageBucket\":\"yhddatebase.firebasestorage.app\"}","GCLOUD_PROJECT":"yhddatebase","EVENTARC_CLOUD_EVENT_SOURCE":"projects/yhddatebase/locations/asia-northeast1/functions/api"},"runtime":"nodejs18","buildId":"72689cfa-8fba-44b8-b0e9-d7582f66ca87","buildEnvironmentVariables":{"GOOGLE_NODE_RUN_SCRIPTS":""},"buildName":"projects/908640006259/locations/asia-northeast1/builds/72689cfa-8fba-44b8-b0e9-d7582f66ca87","dockerRegistry":"ARTIFACT_REGISTRY","automaticUpdatePolicy":{},"buildServiceAccount":"projects/yhddatebase/serviceAccounts/908640006259-compute@developer.gserviceaccount.com"},"versionId":"2","updateTime":"2025-09-08T02:31:20Z","buildId":"79cb1f19-e965-4e6c-b975-2b47272866a7","buildName":"projects/908640006259/locations/asia-northeast1/builds/79cb1f19-e965-4e6c-b975-2b47272866a7"}}
[debug] [2025-09-08T02:31:35.596Z] [update-default-asia-northeast1-api] Retrying task index 0
[debug] [2025-09-08T02:31:35.596Z] Checked if tokens are valid: true, expires at: 1757301685452
[debug] [2025-09-08T02:31:35.596Z] Checked if tokens are valid: true, expires at: 1757301685452
[debug] [2025-09-08T02:31:35.596Z] >>> [apiv2][query] GET https://cloudfunctions.googleapis.com/v1/operations/eWhkZGF0ZWJhc2UvYXNpYS1ub3J0aGVhc3QxL2FwaS90RlNqenJsdzJQOA [none]
[debug] [2025-09-08T02:31:36.132Z] <<< [apiv2][status] GET https://cloudfunctions.googleapis.com/v1/operations/eWhkZGF0ZWJhc2UvYXNpYS1ub3J0aGVhc3QxL2FwaS90RlNqenJsdzJQOA 200
[debug] [2025-09-08T02:31:36.132Z] <<< [apiv2][body] GET https://cloudfunctions.googleapis.com/v1/operations/eWhkZGF0ZWJhc2UvYXNpYS1ub3J0aGVhc3QxL2FwaS90RlNqenJsdzJQOA {"name":"operations/eWhkZGF0ZWJhc2UvYXNpYS1ub3J0aGVhc3QxL2FwaS90RlNqenJsdzJQOA","metadata":{"@type":"type.googleapis.com/google.cloud.functions.v1.OperationMetadataV1","target":"projects/yhddatebase/locations/asia-northeast1/functions/api","type":"UPDATE_FUNCTION","request":{"@type":"type.googleapis.com/google.cloud.functions.v1.CloudFunction","name":"projects/yhddatebase/locations/asia-northeast1/functions/api","httpsTrigger":{"url":"https://asia-northeast1-yhddatebase.cloudfunctions.net/api","securityLevel":"SECURE_ALWAYS"},"status":"ACTIVE","entryPoint":"api","updateTime":"2025-09-07T02:15:13.025Z","versionId":"1","labels":{"deployment-tool":"cli-firebase","firebase-functions-hash":"fd46960703198f2330e0d3d18bb0c956bfc7fae7"},"sourceUploadUrl":"https://storage.googleapis.com/uploads-152810497652.asia-northeast1.cloudfunctions.appspot.com/04f369ee-1159-43c8-ba67-3ccfe9df273b.zip?GoogleAccessId=service-908640006259@gcf-admin-robot.iam.gserviceaccount.com&Expires=1757300472&Signature=o5YOMZHSGQYjGlR9GgyzfFLF3pK44UnKCBnkUxqQPjPPwSp6N3FtlUmuUrcTk29eCxjm4RMVAYRIcXjCUroNxk7ZLacUsWMnLdQrJZsePWbbAao9%2BXBNGj8TLJsjoW%2FElVe7Xr3t3ENZbvEQxe4e3EP5ZkcOgROoxsgkOuwZFYY0c3Tl9YTu1w%2BsPK2fcgEsE0O20FDT36Qhsk7Pqjkw3YElJbCUGHTe1R3wA%2BEk6pznhLBxb%2BdnWzbonzVXZ5rzXlVVQYVNxPpSZNYoogdMheBYUEnar46%2Bljc5COzthxw6%2FYWqhmznkfzJ07tcDXg239iuVb39hd0UedTc7VKIDA%3D%3D","environmentVariables":{"LIFF_USER_ID":"2008029428-GNNaR1Nm","LIFF_ADMIN_ID":"2008029428-ANbgw3b6","FIREBASE_CONFIG":"{\"projectId\":\"yhddatebase\",\"storageBucket\":\"yhddatebase.firebasestorage.app\"}","GCLOUD_PROJECT":"yhddatebase","EVENTARC_CLOUD_EVENT_SOURCE":"projects/yhddatebase/locations/asia-northeast1/functions/api"},"runtime":"nodejs18","buildId":"72689cfa-8fba-44b8-b0e9-d7582f66ca87","buildEnvironmentVariables":{"GOOGLE_NODE_RUN_SCRIPTS":""},"buildName":"projects/908640006259/locations/asia-northeast1/builds/72689cfa-8fba-44b8-b0e9-d7582f66ca87","dockerRegistry":"ARTIFACT_REGISTRY","automaticUpdatePolicy":{},"buildServiceAccount":"projects/yhddatebase/serviceAccounts/908640006259-compute@developer.gserviceaccount.com"},"versionId":"2","updateTime":"2025-09-08T02:31:20Z","buildId":"79cb1f19-e965-4e6c-b975-2b47272866a7","buildName":"projects/908640006259/locations/asia-northeast1/builds/79cb1f19-e965-4e6c-b975-2b47272866a7"}}
[debug] [2025-09-08T02:31:46.136Z] [update-default-asia-northeast1-api] Retrying task index 0
[debug] [2025-09-08T02:31:46.136Z] Checked if tokens are valid: true, expires at: 1757301685452
[debug] [2025-09-08T02:31:46.136Z] Checked if tokens are valid: true, expires at: 1757301685452
[debug] [2025-09-08T02:31:46.136Z] >>> [apiv2][query] GET https://cloudfunctions.googleapis.com/v1/operations/eWhkZGF0ZWJhc2UvYXNpYS1ub3J0aGVhc3QxL2FwaS90RlNqenJsdzJQOA [none]
[debug] [2025-09-08T02:31:46.663Z] <<< [apiv2][status] GET https://cloudfunctions.googleapis.com/v1/operations/eWhkZGF0ZWJhc2UvYXNpYS1ub3J0aGVhc3QxL2FwaS90RlNqenJsdzJQOA 200
[debug] [2025-09-08T02:31:46.663Z] <<< [apiv2][body] GET https://cloudfunctions.googleapis.com/v1/operations/eWhkZGF0ZWJhc2UvYXNpYS1ub3J0aGVhc3QxL2FwaS90RlNqenJsdzJQOA {"name":"operations/eWhkZGF0ZWJhc2UvYXNpYS1ub3J0aGVhc3QxL2FwaS90RlNqenJsdzJQOA","metadata":{"@type":"type.googleapis.com/google.cloud.functions.v1.OperationMetadataV1","target":"projects/yhddatebase/locations/asia-northeast1/functions/api","type":"UPDATE_FUNCTION","request":{"@type":"type.googleapis.com/google.cloud.functions.v1.CloudFunction","name":"projects/yhddatebase/locations/asia-northeast1/functions/api","httpsTrigger":{"url":"https://asia-northeast1-yhddatebase.cloudfunctions.net/api","securityLevel":"SECURE_ALWAYS"},"status":"ACTIVE","entryPoint":"api","updateTime":"2025-09-07T02:15:13.025Z","versionId":"1","labels":{"deployment-tool":"cli-firebase","firebase-functions-hash":"fd46960703198f2330e0d3d18bb0c956bfc7fae7"},"sourceUploadUrl":"https://storage.googleapis.com/uploads-152810497652.asia-northeast1.cloudfunctions.appspot.com/04f369ee-1159-43c8-ba67-3ccfe9df273b.zip?GoogleAccessId=service-908640006259@gcf-admin-robot.iam.gserviceaccount.com&Expires=1757300472&Signature=o5YOMZHSGQYjGlR9GgyzfFLF3pK44UnKCBnkUxqQPjPPwSp6N3FtlUmuUrcTk29eCxjm4RMVAYRIcXjCUroNxk7ZLacUsWMnLdQrJZsePWbbAao9%2BXBNGj8TLJsjoW%2FElVe7Xr3t3ENZbvEQxe4e3EP5ZkcOgROoxsgkOuwZFYY0c3Tl9YTu1w%2BsPK2fcgEsE0O20FDT36Qhsk7Pqjkw3YElJbCUGHTe1R3wA%2BEk6pznhLBxb%2BdnWzbonzVXZ5rzXlVVQYVNxPpSZNYoogdMheBYUEnar46%2Bljc5COzthxw6%2FYWqhmznkfzJ07tcDXg239iuVb39hd0UedTc7VKIDA%3D%3D","environmentVariables":{"LIFF_USER_ID":"2008029428-GNNaR1Nm","LIFF_ADMIN_ID":"2008029428-ANbgw3b6","FIREBASE_CONFIG":"{\"projectId\":\"yhddatebase\",\"storageBucket\":\"yhddatebase.firebasestorage.app\"}","GCLOUD_PROJECT":"yhddatebase","EVENTARC_CLOUD_EVENT_SOURCE":"projects/yhddatebase/locations/asia-northeast1/functions/api"},"runtime":"nodejs18","buildId":"72689cfa-8fba-44b8-b0e9-d7582f66ca87","buildEnvironmentVariables":{"GOOGLE_NODE_RUN_SCRIPTS":""},"buildName":"projects/908640006259/locations/asia-northeast1/builds/72689cfa-8fba-44b8-b0e9-d7582f66ca87","dockerRegistry":"ARTIFACT_REGISTRY","automaticUpdatePolicy":{},"buildServiceAccount":"projects/yhddatebase/serviceAccounts/908640006259-compute@developer.gserviceaccount.com"},"versionId":"2","updateTime":"2025-09-08T02:31:20Z","buildId":"79cb1f19-e965-4e6c-b975-2b47272866a7","buildName":"projects/908640006259/locations/asia-northeast1/builds/79cb1f19-e965-4e6c-b975-2b47272866a7"}}
[debug] [2025-09-08T02:31:56.675Z] [update-default-asia-northeast1-api] Retrying task index 0
[debug] [2025-09-08T02:31:56.676Z] Checked if tokens are valid: true, expires at: 1757301685452
[debug] [2025-09-08T02:31:56.676Z] Checked if tokens are valid: true, expires at: 1757301685452
[debug] [2025-09-08T02:31:56.676Z] >>> [apiv2][query] GET https://cloudfunctions.googleapis.com/v1/operations/eWhkZGF0ZWJhc2UvYXNpYS1ub3J0aGVhc3QxL2FwaS90RlNqenJsdzJQOA [none]
[debug] [2025-09-08T02:31:57.232Z] <<< [apiv2][status] GET https://cloudfunctions.googleapis.com/v1/operations/eWhkZGF0ZWJhc2UvYXNpYS1ub3J0aGVhc3QxL2FwaS90RlNqenJsdzJQOA 200
[debug] [2025-09-08T02:31:57.232Z] <<< [apiv2][body] GET https://cloudfunctions.googleapis.com/v1/operations/eWhkZGF0ZWJhc2UvYXNpYS1ub3J0aGVhc3QxL2FwaS90RlNqenJsdzJQOA {"name":"operations/eWhkZGF0ZWJhc2UvYXNpYS1ub3J0aGVhc3QxL2FwaS90RlNqenJsdzJQOA","metadata":{"@type":"type.googleapis.com/google.cloud.functions.v1.OperationMetadataV1","target":"projects/yhddatebase/locations/asia-northeast1/functions/api","type":"UPDATE_FUNCTION","request":{"@type":"type.googleapis.com/google.cloud.functions.v1.CloudFunction","name":"projects/yhddatebase/locations/asia-northeast1/functions/api","httpsTrigger":{"url":"https://asia-northeast1-yhddatebase.cloudfunctions.net/api","securityLevel":"SECURE_ALWAYS"},"status":"ACTIVE","entryPoint":"api","updateTime":"2025-09-07T02:15:13.025Z","versionId":"1","labels":{"deployment-tool":"cli-firebase","firebase-functions-hash":"fd46960703198f2330e0d3d18bb0c956bfc7fae7"},"sourceUploadUrl":"https://storage.googleapis.com/uploads-152810497652.asia-northeast1.cloudfunctions.appspot.com/04f369ee-1159-43c8-ba67-3ccfe9df273b.zip?GoogleAccessId=service-908640006259@gcf-admin-robot.iam.gserviceaccount.com&Expires=1757300472&Signature=o5YOMZHSGQYjGlR9GgyzfFLF3pK44UnKCBnkUxqQPjPPwSp6N3FtlUmuUrcTk29eCxjm4RMVAYRIcXjCUroNxk7ZLacUsWMnLdQrJZsePWbbAao9%2BXBNGj8TLJsjoW%2FElVe7Xr3t3ENZbvEQxe4e3EP5ZkcOgROoxsgkOuwZFYY0c3Tl9YTu1w%2BsPK2fcgEsE0O20FDT36Qhsk7Pqjkw3YElJbCUGHTe1R3wA%2BEk6pznhLBxb%2BdnWzbonzVXZ5rzXlVVQYVNxPpSZNYoogdMheBYUEnar46%2Bljc5COzthxw6%2FYWqhmznkfzJ07tcDXg239iuVb39hd0UedTc7VKIDA%3D%3D","environmentVariables":{"LIFF_USER_ID":"2008029428-GNNaR1Nm","LIFF_ADMIN_ID":"2008029428-ANbgw3b6","FIREBASE_CONFIG":"{\"projectId\":\"yhddatebase\",\"storageBucket\":\"yhddatebase.firebasestorage.app\"}","GCLOUD_PROJECT":"yhddatebase","EVENTARC_CLOUD_EVENT_SOURCE":"projects/yhddatebase/locations/asia-northeast1/functions/api"},"runtime":"nodejs18","buildId":"72689cfa-8fba-44b8-b0e9-d7582f66ca87","buildEnvironmentVariables":{"GOOGLE_NODE_RUN_SCRIPTS":""},"buildName":"projects/908640006259/locations/asia-northeast1/builds/72689cfa-8fba-44b8-b0e9-d7582f66ca87","dockerRegistry":"ARTIFACT_REGISTRY","automaticUpdatePolicy":{},"buildServiceAccount":"projects/yhddatebase/serviceAccounts/908640006259-compute@developer.gserviceaccount.com"},"versionId":"2","updateTime":"2025-09-08T02:31:51Z","buildId":"79cb1f19-e965-4e6c-b975-2b47272866a7","buildName":"projects/908640006259/locations/asia-northeast1/builds/79cb1f19-e965-4e6c-b975-2b47272866a7"},"done":true,"error":{"code":3,"message":"Build failed: npm error code EUSAGE\nnpm error\nnpm error `npm ci` can only install packages when your package.json and package-lock.json or npm-shrinkwrap.json are in sync. Please update your lock file with `npm install` before continuing.\nnpm error\nnpm error Missing: @line/bot-sdk@8.4.1 from lock file\nnpm error Missing: @types/node@20.19.13 from lock file\nnpm error Missing: axios@1.11.0 from lock file\nnpm error Missing: file-type@16.5.4 from lock file\nnpm error Missing: follow-redirects@1.15.11 from lock file\nnpm error Missing: form-data@4.0.4 from lock file\nnpm error Missing: proxy-from-env@1.1.0 from lock file\nnpm error Missing: readable-web-to-node-stream@3.0.4 from lock file\nnpm error Missing: strtok3@6.3.0 from lock file\nnpm error Missing: token-types@4.2.1 from lock file\nnpm error Missing: readable-stream@4.7.0 from lock file\nnpm error Missing: @tokenizer/token@0.3.0 from lock file\nnpm error Missing: peek-readable@4.1.0 from lock file\nnpm error Missing: ieee754@1.2.1 from lock file\nnpm error Missing: buffer@6.0.3 from lock file\nnpm error Missing: events@3.3.0 from lock file\nnpm error Missing: process@0.11.10 from lock file\nnpm error\nnpm error Clean install a project\nnpm error\nnpm error Usage:\nnpm error npm ci\nnpm error\nnpm error Options:\nnpm error [--install-strategy <hoisted|nested|shallow|linked>] [--legacy-bundling]\nnpm error [--global-style] [--omit <dev|optional|peer> [--omit <dev|optional|peer> ...]]\nnpm error [--include <prod|dev|optional|peer> [--include <prod|dev|optional|peer> ...]]\nnpm error [--strict-peer-deps] [--foreground-scripts] [--ignore-scripts] [--no-audit]\nnpm error [--no-bin-links] [--no-fund] [--dry-run]\nnpm error [-w|--workspace <workspace-name> [-w|--workspace <workspace-name> ...]]\nnpm error [-ws|--workspaces] [--include-workspace-root] [--install-links]\nnpm error\nnpm error aliases: clean-install, ic, install-clean, isntall-clean\nnpm error\nnpm error Run \"npm help ci\" for more info\nnpm error A complete log of this run can be found in: /www-data-home/.npm/_logs/2025-09-08T02_31_44_010Z-debug-0.log; Error ID: 7fa33aaa"}}
[debug] [2025-09-08T02:31:57.232Z] Got source token undefined for region asia-northeast1
[error] Build failed: npm error code EUSAGE
npm error
npm error `npm ci` can only install packages when your package.json and package-lock.json or npm-shrinkwrap.json are in sync. Please update your lock file with `npm install` before continuing.
npm error
npm error Missing: @line/bot-sdk@8.4.1 from lock file
npm error Missing: @types/node@20.19.13 from lock file
npm error Missing: axios@1.11.0 from lock file
npm error Missing: file-type@16.5.4 from lock file
npm error Missing: follow-redirects@1.15.11 from lock file
npm error Missing: form-data@4.0.4 from lock file
npm error Missing: proxy-from-env@1.1.0 from lock file
npm error Missing: readable-web-to-node-stream@3.0.4 from lock file
npm error Missing: strtok3@6.3.0 from lock file
npm error Missing: token-types@4.2.1 from lock file
npm error Missing: readable-stream@4.7.0 from lock file
npm error Missing: @tokenizer/token@0.3.0 from lock file
npm error Missing: peek-readable@4.1.0 from lock file
npm error Missing: ieee754@1.2.1 from lock file
npm error Missing: buffer@6.0.3 from lock file
npm error Missing: events@3.3.0 from lock file
npm error Missing: process@0.11.10 from lock file
npm error
npm error Clean install a project
npm error
npm error Usage:
npm error npm ci
npm error
npm error Options:
npm error [--install-strategy <hoisted|nested|shallow|linked>] [--legacy-bundling]
npm error [--global-style] [--omit <dev|optional|peer> [--omit <dev|optional|peer> ...]]
npm error [--include <prod|dev|optional|peer> [--include <prod|dev|optional|peer> ...]]
npm error [--strict-peer-deps] [--foreground-scripts] [--ignore-scripts] [--no-audit]
npm error [--no-bin-links] [--no-fund] [--dry-run]
npm error [-w|--workspace <workspace-name> [-w|--workspace <workspace-name> ...]]
npm error [-ws|--workspaces] [--include-workspace-root] [--install-links]
npm error
npm error aliases: clean-install, ic, install-clean, isntall-clean
npm error
npm error Run "npm help ci" for more info
npm error A complete log of this run can be found in: /www-data-home/.npm/_logs/2025-09-08T02_31_44_010Z-debug-0.log; Error ID: 7fa33aaa
[debug] [2025-09-08T02:31:57.234Z] Total Function Deployment time: 41006
[debug] [2025-09-08T02:31:57.234Z] 1 Functions Deployed
[debug] [2025-09-08T02:31:57.234Z] 1 Functions Errored
[debug] [2025-09-08T02:31:57.234Z] 0 Function Deployments Aborted
[debug] [2025-09-08T02:31:57.234Z] Average Function Deployment time: 41005
[info] 
[info] Functions deploy had errors with the following functions:
	api(asia-northeast1)
[debug] [2025-09-08T02:31:57.235Z] Not printing URL for HTTPS function. Typically this means it didn't match a filter or we failed deployment
[debug] [2025-09-08T02:31:57.235Z] Checked if tokens are valid: true, expires at: 1757301685452
[debug] [2025-09-08T02:31:57.235Z] Checked if tokens are valid: true, expires at: 1757301685452
[debug] [2025-09-08T02:31:57.235Z] >>> [apiv2][query] GET https://artifactregistry.googleapis.com/v1/projects/yhddatebase/locations/asia-northeast1/repositories/gcf-artifacts [none]
[debug] [2025-09-08T02:31:57.855Z] <<< [apiv2][status] GET https://artifactregistry.googleapis.com/v1/projects/yhddatebase/locations/asia-northeast1/repositories/gcf-artifacts 200
[debug] [2025-09-08T02:31:57.855Z] <<< [apiv2][body] GET https://artifactregistry.googleapis.com/v1/projects/yhddatebase/locations/asia-northeast1/repositories/gcf-artifacts {"name":"projects/yhddatebase/locations/asia-northeast1/repositories/gcf-artifacts","format":"DOCKER","description":"This repository is created and used by Cloud Functions for storing function docker images.","labels":{"goog-managed-by":"cloudfunctions"},"createTime":"2025-08-31T14:35:17.144812Z","updateTime":"2025-09-07T02:16:49.560914Z","mode":"STANDARD_REPOSITORY","cleanupPolicies":{"firebase-functions-cleanup":{"id":"firebase-functions-cleanup","action":"DELETE","condition":{"tagState":"ANY","olderThan":"2592000s"}}},"sizeBytes":"514481914","vulnerabilityScanningConfig":{"lastEnableTime":"2025-08-31T14:35:01.357231595Z","enablementState":"SCANNING_DISABLED","enablementStateReason":"API containerscanning.googleapis.com is not enabled."},"satisfiesPzi":true,"registryUri":"asia-northeast1-docker.pkg.dev/yhddatebase/gcf-artifacts"}
[debug] [2025-09-08T02:31:57.855Z] Functions deploy failed.
[debug] [2025-09-08T02:31:57.856Z] {
  "endpoint": {
    "id": "api",
    "project": "yhddatebase",
    "region": "asia-northeast1",
    "entryPoint": "api",
    "platform": "gcfv1",
    "runtime": "nodejs18",
    "httpsTrigger": {},
    "serviceAccount": null,
    "ingressSettings": null,
    "availableMemoryMb": null,
    "timeoutSeconds": null,
    "maxInstances": null,
    "minInstances": null,
    "vpc": null,
    "environmentVariables": {
      "LIFF_USER_ID": "2008029428-GNNaR1Nm",
      "LIFF_ADMIN_ID": "2008029428-ANbgw3b6",
      "FIREBASE_CONFIG": "{\"projectId\":\"yhddatebase\",\"storageBucket\":\"yhddatebase.firebasestorage.app\"}",
      "GCLOUD_PROJECT": "yhddatebase",
      "EVENTARC_CLOUD_EVENT_SOURCE": "projects/yhddatebase/locations/asia-northeast1/functions/api"
    },
    "codebase": "default",
    "securityLevel": "SECURE_ALWAYS",
    "targetedByOnly": false,
    "hash": "fd46960703198f2330e0d3d18bb0c956bfc7fae7",
    "labels": {
      "deployment-tool": "cli-firebase"
    }
  },
  "op": "update",
  "original": {
    "name": "FirebaseError",
    "children": [],
    "exit": 1,
    "message": "Build failed: npm error code EUSAGE\nnpm error\nnpm error `npm ci` can only install packages when your package.json and package-lock.json or npm-shrinkwrap.json are in sync. Please update your lock file with `npm install` before continuing.\nnpm error\nnpm error Missing: @line/bot-sdk@8.4.1 from lock file\nnpm error Missing: @types/node@20.19.13 from lock file\nnpm error Missing: axios@1.11.0 from lock file\nnpm error Missing: file-type@16.5.4 from lock file\nnpm error Missing: follow-redirects@1.15.11 from lock file\nnpm error Missing: form-data@4.0.4 from lock file\nnpm error Missing: proxy-from-env@1.1.0 from lock file\nnpm error Missing: readable-web-to-node-stream@3.0.4 from lock file\nnpm error Missing: strtok3@6.3.0 from lock file\nnpm error Missing: token-types@4.2.1 from lock file\nnpm error Missing: readable-stream@4.7.0 from lock file\nnpm error Missing: @tokenizer/token@0.3.0 from lock file\nnpm error Missing: peek-readable@4.1.0 from lock file\nnpm error Missing: ieee754@1.2.1 from lock file\nnpm error Missing: buffer@6.0.3 from lock file\nnpm error Missing: events@3.3.0 from lock file\nnpm error Missing: process@0.11.10 from lock file\nnpm error\nnpm error Clean install a project\nnpm error\nnpm error Usage:\nnpm error npm ci\nnpm error\nnpm error Options:\nnpm error [--install-strategy <hoisted|nested|shallow|linked>] [--legacy-bundling]\nnpm error [--global-style] [--omit <dev|optional|peer> [--omit <dev|optional|peer> ...]]\nnpm error [--include <prod|dev|optional|peer> [--include <prod|dev|optional|peer> ...]]\nnpm error [--strict-peer-deps] [--foreground-scripts] [--ignore-scripts] [--no-audit]\nnpm error [--no-bin-links] [--no-fund] [--dry-run]\nnpm error [-w|--workspace <workspace-name> [-w|--workspace <workspace-name> ...]]\nnpm error [-ws|--workspaces] [--include-workspace-root] [--install-links]\nnpm error\nnpm error aliases: clean-install, ic, install-clean, isntall-clean\nnpm error\nnpm error Run \"npm help ci\" for more info\nnpm error A complete log of this run can be found in: /www-data-home/.npm/_logs/2025-09-08T02_31_44_010Z-debug-0.log; Error ID: 7fa33aaa",
    "original": {
      "code": 3,
      "message": "Build failed: npm error code EUSAGE\nnpm error\nnpm error `npm ci` can only install packages when your package.json and package-lock.json or npm-shrinkwrap.json are in sync. Please update your lock file with `npm install` before continuing.\nnpm error\nnpm error Missing: @line/bot-sdk@8.4.1 from lock file\nnpm error Missing: @types/node@20.19.13 from lock file\nnpm error Missing: axios@1.11.0 from lock file\nnpm error Missing: file-type@16.5.4 from lock file\nnpm error Missing: follow-redirects@1.15.11 from lock file\nnpm error Missing: form-data@4.0.4 from lock file\nnpm error Missing: proxy-from-env@1.1.0 from lock file\nnpm error Missing: readable-web-to-node-stream@3.0.4 from lock file\nnpm error Missing: strtok3@6.3.0 from lock file\nnpm error Missing: token-types@4.2.1 from lock file\nnpm error Missing: readable-stream@4.7.0 from lock file\nnpm error Missing: @tokenizer/token@0.3.0 from lock file\nnpm error Missing: peek-readable@4.1.0 from lock file\nnpm error Missing: ieee754@1.2.1 from lock file\nnpm error Missing: buffer@6.0.3 from lock file\nnpm error Missing: events@3.3.0 from lock file\nnpm error Missing: process@0.11.10 from lock file\nnpm error\nnpm error Clean install a project\nnpm error\nnpm error Usage:\nnpm error npm ci\nnpm error\nnpm error Options:\nnpm error [--install-strategy <hoisted|nested|shallow|linked>] [--legacy-bundling]\nnpm error [--global-style] [--omit <dev|optional|peer> [--omit <dev|optional|peer> ...]]\nnpm error [--include <prod|dev|optional|peer> [--include <prod|dev|optional|peer> ...]]\nnpm error [--strict-peer-deps] [--foreground-scripts] [--ignore-scripts] [--no-audit]\nnpm error [--no-bin-links] [--no-fund] [--dry-run]\nnpm error [-w|--workspace <workspace-name> [-w|--workspace <workspace-name> ...]]\nnpm error [-ws|--workspaces] [--include-workspace-root] [--install-links]\nnpm error\nnpm error aliases: clean-install, ic, install-clean, isntall-clean\nnpm error\nnpm error Run \"npm help ci\" for more info\nnpm error A complete log of this run can be found in: /www-data-home/.npm/_logs/2025-09-08T02_31_44_010Z-debug-0.log; Error ID: 7fa33aaa"
    },
    "status": 3,
    "code": 3
  }
}
[debug] [2025-09-08T02:31:57.856Z] Error: Failed to update function api in region asia-northeast1
    at C:\Users\YOU-G\AppData\Roaming\npm\node_modules\firebase-tools\lib\deploy\functions\release\fabricator.js:52:11
    at process.processTicksAndRejections (node:internal/process/task_queues:105:5)
    at async Fabricator.updateV1Function (C:\Users\YOU-G\AppData\Roaming\npm\node_modules\firebase-tools\lib\deploy\functions\release\fabricator.js:364:32)
    at async Fabricator.updateEndpoint (C:\Users\YOU-G\AppData\Roaming\npm\node_modules\firebase-tools\lib\deploy\functions\release\fabricator.js:157:13)
    at async handle (C:\Users\YOU-G\AppData\Roaming\npm\node_modules\firebase-tools\lib\deploy\functions\release\fabricator.js:89:17)
[error] 
[error] Error: There was an error deploying functions
